[2024-11-17T08:10:13.960+0000] {local_task_job_runner.py:120} INFO - ::group::Pre task execution logs
[2024-11-17T08:10:13.977+0000] {taskinstance.py:2076} INFO - Dependencies all met for dep_context=non-requeueable deps ti=<TaskInstance: gcs_to_bq.user scheduled__2024-11-16T00:00:00+00:00 [queued]>
[2024-11-17T08:10:13.987+0000] {taskinstance.py:2076} INFO - Dependencies all met for dep_context=requeueable deps ti=<TaskInstance: gcs_to_bq.user scheduled__2024-11-16T00:00:00+00:00 [queued]>
[2024-11-17T08:10:13.987+0000] {taskinstance.py:2306} INFO - Starting attempt 1 of 2
[2024-11-17T08:10:14.006+0000] {taskinstance.py:2330} INFO - Executing <Task(GCSToBigQueryOperator): user> on 2024-11-16 00:00:00+00:00
[2024-11-17T08:10:14.013+0000] {standard_task_runner.py:63} INFO - Started process 1026 to run task
[2024-11-17T08:10:14.018+0000] {standard_task_runner.py:90} INFO - Running: ['airflow', 'tasks', 'run', 'gcs_to_bq', 'user', 'scheduled__2024-11-16T00:00:00+00:00', '--job-id', '23', '--raw', '--subdir', 'DAGS_FOLDER/first.py', '--cfg-path', '/tmp/tmp0bhejfdp']
[2024-11-17T08:10:14.021+0000] {standard_task_runner.py:91} INFO - Job 23: Subtask user
[2024-11-17T08:10:14.077+0000] {task_command.py:426} INFO - Running <TaskInstance: gcs_to_bq.user scheduled__2024-11-16T00:00:00+00:00 [running]> on host portfolio.us-central1-c.c.golden-centaur-440309-a9.internal
[2024-11-17T08:10:14.177+0000] {taskinstance.py:2648} INFO - Exporting env vars: AIRFLOW_CTX_DAG_OWNER='airflow' AIRFLOW_CTX_DAG_ID='gcs_to_bq' AIRFLOW_CTX_TASK_ID='user' AIRFLOW_CTX_EXECUTION_DATE='2024-11-16T00:00:00+00:00' AIRFLOW_CTX_TRY_NUMBER='1' AIRFLOW_CTX_DAG_RUN_ID='scheduled__2024-11-16T00:00:00+00:00'
[2024-11-17T08:10:14.179+0000] {taskinstance.py:430} INFO - ::endgroup::
[2024-11-17T08:10:14.203+0000] {connection.py:274} WARNING - Connection schemes (type: google_cloud_platform) shall not contain '_' according to RFC3986.
[2024-11-17T08:10:14.205+0000] {base.py:84} INFO - Using connection ID 'google_cloud_default' for task execution.
[2024-11-17T08:10:14.206+0000] {gcs_to_bigquery.py:380} INFO - Using existing BigQuery table for storing data...
[2024-11-17T08:10:14.301+0000] {gcs_to_bigquery.py:384} INFO - Executing: {'load': {'autodetect': True, 'createDisposition': 'CREATE_IF_NEEDED', 'destinationTable': {'projectId': 'golden-centaur-440309-a9', 'datasetId': 'raw', 'tableId': 'product'}, 'sourceFormat': 'CSV', 'sourceUris': ['gs://ghif_portfolio/sales_data - product.csv'], 'writeDisposition': 'WRITE_TRUNCATE', 'ignoreUnknownValues': False, 'skipLeadingRows': None, 'fieldDelimiter': ',', 'quote': None, 'allowQuotedNewlines': False, 'encoding': 'UTF-8'}}
[2024-11-17T08:10:14.303+0000] {bigquery.py:1660} INFO - Inserting job airflow_gcs_to_bq_user_2024_11_16T00_00_00_00_00_339bd881acdc3ad40d2e3e6e8c8ae6e4
[2024-11-17T08:10:18.334+0000] {taskinstance.py:441} INFO - ::group::Post task execution logs
[2024-11-17T08:10:18.339+0000] {taskinstance.py:1206} INFO - Marking task as SUCCESS. dag_id=gcs_to_bq, task_id=user, run_id=scheduled__2024-11-16T00:00:00+00:00, execution_date=20241116T000000, start_date=20241117T081013, end_date=20241117T081018
[2024-11-17T08:10:18.387+0000] {local_task_job_runner.py:240} INFO - Task exited with return code 0
[2024-11-17T08:10:18.401+0000] {taskinstance.py:3503} INFO - 0 downstream tasks scheduled from follow-on schedule check
[2024-11-17T08:10:18.402+0000] {local_task_job_runner.py:222} INFO - ::endgroup::
