[2024-11-27T14:45:09.901+0000] {local_task_job_runner.py:120} INFO - ::group::Pre task execution logs
[2024-11-27T14:45:09.912+0000] {taskinstance.py:2076} INFO - Dependencies all met for dep_context=non-requeueable deps ti=<TaskInstance: gcs_to_bq.transactions manual__2024-11-27T14:44:56.643514+00:00 [queued]>
[2024-11-27T14:45:09.918+0000] {taskinstance.py:2076} INFO - Dependencies all met for dep_context=requeueable deps ti=<TaskInstance: gcs_to_bq.transactions manual__2024-11-27T14:44:56.643514+00:00 [queued]>
[2024-11-27T14:45:09.918+0000] {taskinstance.py:2306} INFO - Starting attempt 1 of 2
[2024-11-27T14:45:09.931+0000] {taskinstance.py:2330} INFO - Executing <Task(GCSToBigQueryOperator): transactions> on 2024-11-27 14:44:56.643514+00:00
[2024-11-27T14:45:09.936+0000] {standard_task_runner.py:63} INFO - Started process 1099 to run task
[2024-11-27T14:45:09.941+0000] {standard_task_runner.py:90} INFO - Running: ['airflow', 'tasks', 'run', 'gcs_to_bq', 'transactions', 'manual__2024-11-27T14:44:56.643514+00:00', '--job-id', '49', '--raw', '--subdir', 'DAGS_FOLDER/first.py', '--cfg-path', '/tmp/tmp_xvgwlux']
[2024-11-27T14:45:09.944+0000] {standard_task_runner.py:91} INFO - Job 49: Subtask transactions
[2024-11-27T14:45:09.982+0000] {task_command.py:426} INFO - Running <TaskInstance: gcs_to_bq.transactions manual__2024-11-27T14:44:56.643514+00:00 [running]> on host portfolio.us-central1-c.c.golden-centaur-440309-a9.internal
[2024-11-27T14:45:10.045+0000] {taskinstance.py:2648} INFO - Exporting env vars: AIRFLOW_CTX_DAG_OWNER='airflow' AIRFLOW_CTX_DAG_ID='gcs_to_bq' AIRFLOW_CTX_TASK_ID='transactions' AIRFLOW_CTX_EXECUTION_DATE='2024-11-27T14:44:56.643514+00:00' AIRFLOW_CTX_TRY_NUMBER='1' AIRFLOW_CTX_DAG_RUN_ID='manual__2024-11-27T14:44:56.643514+00:00'
[2024-11-27T14:45:10.046+0000] {taskinstance.py:430} INFO - ::endgroup::
[2024-11-27T14:45:10.063+0000] {connection.py:274} WARNING - Connection schemes (type: google_cloud_platform) shall not contain '_' according to RFC3986.
[2024-11-27T14:45:10.064+0000] {base.py:84} INFO - Using connection ID 'google_cloud_default' for task execution.
[2024-11-27T14:45:10.065+0000] {gcs_to_bigquery.py:380} INFO - Using existing BigQuery table for storing data...
[2024-11-27T14:45:10.120+0000] {gcs_to_bigquery.py:384} INFO - Executing: {'load': {'autodetect': True, 'createDisposition': 'CREATE_IF_NEEDED', 'destinationTable': {'projectId': 'golden-centaur-440309-a9', 'datasetId': 'raw', 'tableId': 'product'}, 'sourceFormat': 'CSV', 'sourceUris': ['gs://ghif_portfolio/sales_data - product.csv'], 'writeDisposition': 'WRITE_TRUNCATE', 'ignoreUnknownValues': False, 'skipLeadingRows': None, 'fieldDelimiter': ',', 'quote': None, 'allowQuotedNewlines': False, 'encoding': 'UTF-8'}}
[2024-11-27T14:45:10.122+0000] {bigquery.py:1660} INFO - Inserting job airflow_gcs_to_bq_transactions_2024_11_27T14_44_56_643514_00_00_78be46d9006b7a463277bda7bbec7ed8
[2024-11-27T14:45:14.767+0000] {taskinstance.py:441} INFO - ::group::Post task execution logs
[2024-11-27T14:45:14.771+0000] {taskinstance.py:1206} INFO - Marking task as SUCCESS. dag_id=gcs_to_bq, task_id=transactions, run_id=manual__2024-11-27T14:44:56.643514+00:00, execution_date=20241127T144456, start_date=20241127T144509, end_date=20241127T144514
[2024-11-27T14:45:14.811+0000] {local_task_job_runner.py:240} INFO - Task exited with return code 0
[2024-11-27T14:45:14.833+0000] {taskinstance.py:3503} INFO - 1 downstream tasks scheduled from follow-on schedule check
[2024-11-27T14:45:14.838+0000] {local_task_job_runner.py:222} INFO - ::endgroup::
