[2024-11-17T08:09:58.448+0000] {local_task_job_runner.py:120} INFO - ::group::Pre task execution logs
[2024-11-17T08:09:58.459+0000] {taskinstance.py:2076} INFO - Dependencies all met for dep_context=non-requeueable deps ti=<TaskInstance: gcs_to_bq.product scheduled__2024-11-16T00:00:00+00:00 [queued]>
[2024-11-17T08:09:58.465+0000] {taskinstance.py:2076} INFO - Dependencies all met for dep_context=requeueable deps ti=<TaskInstance: gcs_to_bq.product scheduled__2024-11-16T00:00:00+00:00 [queued]>
[2024-11-17T08:09:58.465+0000] {taskinstance.py:2306} INFO - Starting attempt 1 of 2
[2024-11-17T08:09:58.479+0000] {taskinstance.py:2330} INFO - Executing <Task(GCSToBigQueryOperator): product> on 2024-11-16 00:00:00+00:00
[2024-11-17T08:09:58.484+0000] {standard_task_runner.py:63} INFO - Started process 1007 to run task
[2024-11-17T08:09:58.489+0000] {standard_task_runner.py:90} INFO - Running: ['airflow', 'tasks', 'run', 'gcs_to_bq', 'product', 'scheduled__2024-11-16T00:00:00+00:00', '--job-id', '21', '--raw', '--subdir', 'DAGS_FOLDER/first.py', '--cfg-path', '/tmp/tmpt9tgyfru']
[2024-11-17T08:09:58.492+0000] {standard_task_runner.py:91} INFO - Job 21: Subtask product
[2024-11-17T08:09:58.533+0000] {task_command.py:426} INFO - Running <TaskInstance: gcs_to_bq.product scheduled__2024-11-16T00:00:00+00:00 [running]> on host portfolio.us-central1-c.c.golden-centaur-440309-a9.internal
[2024-11-17T08:09:58.604+0000] {taskinstance.py:2648} INFO - Exporting env vars: AIRFLOW_CTX_DAG_OWNER='airflow' AIRFLOW_CTX_DAG_ID='gcs_to_bq' AIRFLOW_CTX_TASK_ID='product' AIRFLOW_CTX_EXECUTION_DATE='2024-11-16T00:00:00+00:00' AIRFLOW_CTX_TRY_NUMBER='1' AIRFLOW_CTX_DAG_RUN_ID='scheduled__2024-11-16T00:00:00+00:00'
[2024-11-17T08:09:58.605+0000] {taskinstance.py:430} INFO - ::endgroup::
[2024-11-17T08:09:58.636+0000] {connection.py:274} WARNING - Connection schemes (type: google_cloud_platform) shall not contain '_' according to RFC3986.
[2024-11-17T08:09:58.637+0000] {base.py:84} INFO - Using connection ID 'google_cloud_default' for task execution.
[2024-11-17T08:09:58.638+0000] {gcs_to_bigquery.py:380} INFO - Using existing BigQuery table for storing data...
[2024-11-17T08:09:58.698+0000] {gcs_to_bigquery.py:384} INFO - Executing: {'load': {'autodetect': True, 'createDisposition': 'CREATE_IF_NEEDED', 'destinationTable': {'projectId': 'golden-centaur-440309-a9', 'datasetId': 'raw', 'tableId': 'product'}, 'sourceFormat': 'CSV', 'sourceUris': ['gs://ghif_portfolio/sales_data - product.csv'], 'writeDisposition': 'WRITE_TRUNCATE', 'ignoreUnknownValues': False, 'skipLeadingRows': None, 'fieldDelimiter': ',', 'quote': None, 'allowQuotedNewlines': False, 'encoding': 'UTF-8'}}
[2024-11-17T08:09:58.699+0000] {bigquery.py:1660} INFO - Inserting job airflow_gcs_to_bq_product_2024_11_16T00_00_00_00_00_08cf6393b917bc927084ed0df50123f5
[2024-11-17T08:10:01.693+0000] {taskinstance.py:441} INFO - ::group::Post task execution logs
[2024-11-17T08:10:01.698+0000] {taskinstance.py:1206} INFO - Marking task as SUCCESS. dag_id=gcs_to_bq, task_id=product, run_id=scheduled__2024-11-16T00:00:00+00:00, execution_date=20241116T000000, start_date=20241117T080958, end_date=20241117T081001
[2024-11-17T08:10:01.754+0000] {local_task_job_runner.py:240} INFO - Task exited with return code 0
[2024-11-17T08:10:01.777+0000] {taskinstance.py:3503} INFO - 1 downstream tasks scheduled from follow-on schedule check
[2024-11-17T08:10:01.783+0000] {local_task_job_runner.py:222} INFO - ::endgroup::
