[2024-11-17T08:40:34.816+0000] {local_task_job_runner.py:120} INFO - ::group::Pre task execution logs
[2024-11-17T08:40:34.828+0000] {taskinstance.py:2076} INFO - Dependencies all met for dep_context=non-requeueable deps ti=<TaskInstance: gcs_to_bq.user manual__2024-11-17T08:40:16.198645+00:00 [queued]>
[2024-11-17T08:40:34.834+0000] {taskinstance.py:2076} INFO - Dependencies all met for dep_context=requeueable deps ti=<TaskInstance: gcs_to_bq.user manual__2024-11-17T08:40:16.198645+00:00 [queued]>
[2024-11-17T08:40:34.835+0000] {taskinstance.py:2306} INFO - Starting attempt 1 of 2
[2024-11-17T08:40:34.849+0000] {taskinstance.py:2330} INFO - Executing <Task(GCSToBigQueryOperator): user> on 2024-11-17 08:40:16.198645+00:00
[2024-11-17T08:40:34.854+0000] {standard_task_runner.py:63} INFO - Started process 1449 to run task
[2024-11-17T08:40:34.860+0000] {standard_task_runner.py:90} INFO - Running: ['airflow', 'tasks', 'run', 'gcs_to_bq', 'user', 'manual__2024-11-17T08:40:16.198645+00:00', '--job-id', '33', '--raw', '--subdir', 'DAGS_FOLDER/first.py', '--cfg-path', '/tmp/tmp_nqwa4qo']
[2024-11-17T08:40:34.863+0000] {standard_task_runner.py:91} INFO - Job 33: Subtask user
[2024-11-17T08:40:34.906+0000] {task_command.py:426} INFO - Running <TaskInstance: gcs_to_bq.user manual__2024-11-17T08:40:16.198645+00:00 [running]> on host portfolio.us-central1-c.c.golden-centaur-440309-a9.internal
[2024-11-17T08:40:34.974+0000] {taskinstance.py:2648} INFO - Exporting env vars: AIRFLOW_CTX_DAG_OWNER='airflow' AIRFLOW_CTX_DAG_ID='gcs_to_bq' AIRFLOW_CTX_TASK_ID='user' AIRFLOW_CTX_EXECUTION_DATE='2024-11-17T08:40:16.198645+00:00' AIRFLOW_CTX_TRY_NUMBER='1' AIRFLOW_CTX_DAG_RUN_ID='manual__2024-11-17T08:40:16.198645+00:00'
[2024-11-17T08:40:34.975+0000] {taskinstance.py:430} INFO - ::endgroup::
[2024-11-17T08:40:34.992+0000] {connection.py:274} WARNING - Connection schemes (type: google_cloud_platform) shall not contain '_' according to RFC3986.
[2024-11-17T08:40:34.994+0000] {base.py:84} INFO - Using connection ID 'google_cloud_default' for task execution.
[2024-11-17T08:40:34.994+0000] {gcs_to_bigquery.py:380} INFO - Using existing BigQuery table for storing data...
[2024-11-17T08:40:35.046+0000] {gcs_to_bigquery.py:384} INFO - Executing: {'load': {'autodetect': True, 'createDisposition': 'CREATE_IF_NEEDED', 'destinationTable': {'projectId': 'golden-centaur-440309-a9', 'datasetId': 'raw', 'tableId': 'product'}, 'sourceFormat': 'CSV', 'sourceUris': ['gs://ghif_portfolio/sales_data - product.csv'], 'writeDisposition': 'WRITE_TRUNCATE', 'ignoreUnknownValues': False, 'skipLeadingRows': None, 'fieldDelimiter': ',', 'quote': None, 'allowQuotedNewlines': False, 'encoding': 'UTF-8'}}
[2024-11-17T08:40:35.047+0000] {bigquery.py:1660} INFO - Inserting job airflow_gcs_to_bq_user_2024_11_17T08_40_16_198645_00_00_844f4534029337c2d03a2c2062672f41
[2024-11-17T08:40:38.717+0000] {taskinstance.py:441} INFO - ::group::Post task execution logs
[2024-11-17T08:40:38.723+0000] {taskinstance.py:1206} INFO - Marking task as SUCCESS. dag_id=gcs_to_bq, task_id=user, run_id=manual__2024-11-17T08:40:16.198645+00:00, execution_date=20241117T084016, start_date=20241117T084034, end_date=20241117T084038
[2024-11-17T08:40:38.768+0000] {local_task_job_runner.py:240} INFO - Task exited with return code 0
[2024-11-17T08:40:38.786+0000] {taskinstance.py:3503} INFO - 1 downstream tasks scheduled from follow-on schedule check
[2024-11-17T08:40:38.790+0000] {local_task_job_runner.py:222} INFO - ::endgroup::
