[2024-11-27T14:31:27.874+0000] {processor.py:161} INFO - Started process (PID=917) to work on /home/ghifariyadi_muhammad/airflow/dags/first.py
[2024-11-27T14:31:27.876+0000] {processor.py:830} INFO - Processing file /home/ghifariyadi_muhammad/airflow/dags/first.py for tasks to queue
[2024-11-27T14:31:27.879+0000] {logging_mixin.py:188} INFO - [2024-11-27T14:31:27.879+0000] {dagbag.py:545} INFO - Filling up the DagBag from /home/ghifariyadi_muhammad/airflow/dags/first.py
[2024-11-27T14:31:27.914+0000] {processor.py:840} INFO - DAG(s) 'gcs_to_bq' retrieved from /home/ghifariyadi_muhammad/airflow/dags/first.py
[2024-11-27T14:31:28.127+0000] {logging_mixin.py:188} INFO - [2024-11-27T14:31:28.126+0000] {dag.py:3096} INFO - Sync 1 DAGs
[2024-11-27T14:31:28.148+0000] {logging_mixin.py:188} INFO - [2024-11-27T14:31:28.148+0000] {dag.py:3954} INFO - Setting next_dagrun for gcs_to_bq to 2024-11-26 00:00:00+00:00, run_after=2024-11-27 00:00:00+00:00
[2024-11-27T14:31:28.179+0000] {processor.py:183} INFO - Processing /home/ghifariyadi_muhammad/airflow/dags/first.py took 0.314 seconds
[2024-11-27T14:31:58.682+0000] {processor.py:161} INFO - Started process (PID=947) to work on /home/ghifariyadi_muhammad/airflow/dags/first.py
[2024-11-27T14:31:58.683+0000] {processor.py:830} INFO - Processing file /home/ghifariyadi_muhammad/airflow/dags/first.py for tasks to queue
[2024-11-27T14:31:58.686+0000] {logging_mixin.py:188} INFO - [2024-11-27T14:31:58.685+0000] {dagbag.py:545} INFO - Filling up the DagBag from /home/ghifariyadi_muhammad/airflow/dags/first.py
[2024-11-27T14:31:58.705+0000] {processor.py:840} INFO - DAG(s) 'gcs_to_bq' retrieved from /home/ghifariyadi_muhammad/airflow/dags/first.py
[2024-11-27T14:31:58.731+0000] {logging_mixin.py:188} INFO - [2024-11-27T14:31:58.731+0000] {dag.py:3096} INFO - Sync 1 DAGs
[2024-11-27T14:31:58.754+0000] {logging_mixin.py:188} INFO - [2024-11-27T14:31:58.754+0000] {dag.py:3954} INFO - Setting next_dagrun for gcs_to_bq to 2024-11-27 00:00:00+00:00, run_after=2024-11-28 00:00:00+00:00
[2024-11-27T14:31:58.776+0000] {processor.py:183} INFO - Processing /home/ghifariyadi_muhammad/airflow/dags/first.py took 0.102 seconds
[2024-11-27T14:32:29.004+0000] {processor.py:161} INFO - Started process (PID=978) to work on /home/ghifariyadi_muhammad/airflow/dags/first.py
[2024-11-27T14:32:29.014+0000] {processor.py:830} INFO - Processing file /home/ghifariyadi_muhammad/airflow/dags/first.py for tasks to queue
[2024-11-27T14:32:29.018+0000] {logging_mixin.py:188} INFO - [2024-11-27T14:32:29.018+0000] {dagbag.py:545} INFO - Filling up the DagBag from /home/ghifariyadi_muhammad/airflow/dags/first.py
[2024-11-27T14:32:29.041+0000] {processor.py:840} INFO - DAG(s) 'gcs_to_bq' retrieved from /home/ghifariyadi_muhammad/airflow/dags/first.py
[2024-11-27T14:32:29.072+0000] {logging_mixin.py:188} INFO - [2024-11-27T14:32:29.072+0000] {dag.py:3096} INFO - Sync 1 DAGs
[2024-11-27T14:32:29.095+0000] {logging_mixin.py:188} INFO - [2024-11-27T14:32:29.095+0000] {dag.py:3954} INFO - Setting next_dagrun for gcs_to_bq to 2024-11-27 00:00:00+00:00, run_after=2024-11-28 00:00:00+00:00
[2024-11-27T14:32:29.120+0000] {processor.py:183} INFO - Processing /home/ghifariyadi_muhammad/airflow/dags/first.py took 0.126 seconds
[2024-11-27T14:32:59.304+0000] {processor.py:161} INFO - Started process (PID=979) to work on /home/ghifariyadi_muhammad/airflow/dags/first.py
[2024-11-27T14:32:59.305+0000] {processor.py:830} INFO - Processing file /home/ghifariyadi_muhammad/airflow/dags/first.py for tasks to queue
[2024-11-27T14:32:59.308+0000] {logging_mixin.py:188} INFO - [2024-11-27T14:32:59.307+0000] {dagbag.py:545} INFO - Filling up the DagBag from /home/ghifariyadi_muhammad/airflow/dags/first.py
[2024-11-27T14:32:59.331+0000] {processor.py:840} INFO - DAG(s) 'gcs_to_bq' retrieved from /home/ghifariyadi_muhammad/airflow/dags/first.py
[2024-11-27T14:32:59.357+0000] {logging_mixin.py:188} INFO - [2024-11-27T14:32:59.356+0000] {dag.py:3096} INFO - Sync 1 DAGs
[2024-11-27T14:32:59.380+0000] {logging_mixin.py:188} INFO - [2024-11-27T14:32:59.380+0000] {dag.py:3954} INFO - Setting next_dagrun for gcs_to_bq to 2024-11-27 00:00:00+00:00, run_after=2024-11-28 00:00:00+00:00
[2024-11-27T14:32:59.403+0000] {processor.py:183} INFO - Processing /home/ghifariyadi_muhammad/airflow/dags/first.py took 0.108 seconds
[2024-11-27T14:33:29.605+0000] {processor.py:161} INFO - Started process (PID=980) to work on /home/ghifariyadi_muhammad/airflow/dags/first.py
[2024-11-27T14:33:29.607+0000] {processor.py:830} INFO - Processing file /home/ghifariyadi_muhammad/airflow/dags/first.py for tasks to queue
[2024-11-27T14:33:29.610+0000] {logging_mixin.py:188} INFO - [2024-11-27T14:33:29.609+0000] {dagbag.py:545} INFO - Filling up the DagBag from /home/ghifariyadi_muhammad/airflow/dags/first.py
[2024-11-27T14:33:29.630+0000] {processor.py:840} INFO - DAG(s) 'gcs_to_bq' retrieved from /home/ghifariyadi_muhammad/airflow/dags/first.py
[2024-11-27T14:33:29.659+0000] {logging_mixin.py:188} INFO - [2024-11-27T14:33:29.658+0000] {dag.py:3096} INFO - Sync 1 DAGs
[2024-11-27T14:33:29.683+0000] {logging_mixin.py:188} INFO - [2024-11-27T14:33:29.683+0000] {dag.py:3954} INFO - Setting next_dagrun for gcs_to_bq to 2024-11-27 00:00:00+00:00, run_after=2024-11-28 00:00:00+00:00
[2024-11-27T14:33:29.707+0000] {processor.py:183} INFO - Processing /home/ghifariyadi_muhammad/airflow/dags/first.py took 0.109 seconds
[2024-11-27T14:33:59.899+0000] {processor.py:161} INFO - Started process (PID=982) to work on /home/ghifariyadi_muhammad/airflow/dags/first.py
[2024-11-27T14:33:59.900+0000] {processor.py:830} INFO - Processing file /home/ghifariyadi_muhammad/airflow/dags/first.py for tasks to queue
[2024-11-27T14:33:59.903+0000] {logging_mixin.py:188} INFO - [2024-11-27T14:33:59.903+0000] {dagbag.py:545} INFO - Filling up the DagBag from /home/ghifariyadi_muhammad/airflow/dags/first.py
[2024-11-27T14:33:59.925+0000] {processor.py:840} INFO - DAG(s) 'gcs_to_bq' retrieved from /home/ghifariyadi_muhammad/airflow/dags/first.py
[2024-11-27T14:33:59.951+0000] {logging_mixin.py:188} INFO - [2024-11-27T14:33:59.950+0000] {dag.py:3096} INFO - Sync 1 DAGs
[2024-11-27T14:33:59.975+0000] {logging_mixin.py:188} INFO - [2024-11-27T14:33:59.975+0000] {dag.py:3954} INFO - Setting next_dagrun for gcs_to_bq to 2024-11-27 00:00:00+00:00, run_after=2024-11-28 00:00:00+00:00
[2024-11-27T14:34:00.002+0000] {processor.py:183} INFO - Processing /home/ghifariyadi_muhammad/airflow/dags/first.py took 0.111 seconds
[2024-11-27T14:34:30.205+0000] {processor.py:161} INFO - Started process (PID=983) to work on /home/ghifariyadi_muhammad/airflow/dags/first.py
[2024-11-27T14:34:30.207+0000] {processor.py:830} INFO - Processing file /home/ghifariyadi_muhammad/airflow/dags/first.py for tasks to queue
[2024-11-27T14:34:30.210+0000] {logging_mixin.py:188} INFO - [2024-11-27T14:34:30.210+0000] {dagbag.py:545} INFO - Filling up the DagBag from /home/ghifariyadi_muhammad/airflow/dags/first.py
[2024-11-27T14:34:30.232+0000] {processor.py:840} INFO - DAG(s) 'gcs_to_bq' retrieved from /home/ghifariyadi_muhammad/airflow/dags/first.py
[2024-11-27T14:34:30.258+0000] {logging_mixin.py:188} INFO - [2024-11-27T14:34:30.257+0000] {dag.py:3096} INFO - Sync 1 DAGs
[2024-11-27T14:34:30.281+0000] {logging_mixin.py:188} INFO - [2024-11-27T14:34:30.281+0000] {dag.py:3954} INFO - Setting next_dagrun for gcs_to_bq to 2024-11-27 00:00:00+00:00, run_after=2024-11-28 00:00:00+00:00
[2024-11-27T14:34:30.305+0000] {processor.py:183} INFO - Processing /home/ghifariyadi_muhammad/airflow/dags/first.py took 0.109 seconds
[2024-11-27T14:35:00.512+0000] {processor.py:161} INFO - Started process (PID=984) to work on /home/ghifariyadi_muhammad/airflow/dags/first.py
[2024-11-27T14:35:00.513+0000] {processor.py:830} INFO - Processing file /home/ghifariyadi_muhammad/airflow/dags/first.py for tasks to queue
[2024-11-27T14:35:00.516+0000] {logging_mixin.py:188} INFO - [2024-11-27T14:35:00.516+0000] {dagbag.py:545} INFO - Filling up the DagBag from /home/ghifariyadi_muhammad/airflow/dags/first.py
[2024-11-27T14:35:00.535+0000] {processor.py:840} INFO - DAG(s) 'gcs_to_bq' retrieved from /home/ghifariyadi_muhammad/airflow/dags/first.py
[2024-11-27T14:35:00.559+0000] {logging_mixin.py:188} INFO - [2024-11-27T14:35:00.559+0000] {dag.py:3096} INFO - Sync 1 DAGs
[2024-11-27T14:35:00.583+0000] {logging_mixin.py:188} INFO - [2024-11-27T14:35:00.583+0000] {dag.py:3954} INFO - Setting next_dagrun for gcs_to_bq to 2024-11-27 00:00:00+00:00, run_after=2024-11-28 00:00:00+00:00
[2024-11-27T14:35:00.605+0000] {processor.py:183} INFO - Processing /home/ghifariyadi_muhammad/airflow/dags/first.py took 0.101 seconds
[2024-11-27T14:35:30.839+0000] {processor.py:161} INFO - Started process (PID=995) to work on /home/ghifariyadi_muhammad/airflow/dags/first.py
[2024-11-27T14:35:30.841+0000] {processor.py:830} INFO - Processing file /home/ghifariyadi_muhammad/airflow/dags/first.py for tasks to queue
[2024-11-27T14:35:30.844+0000] {logging_mixin.py:188} INFO - [2024-11-27T14:35:30.843+0000] {dagbag.py:545} INFO - Filling up the DagBag from /home/ghifariyadi_muhammad/airflow/dags/first.py
[2024-11-27T14:35:30.864+0000] {processor.py:840} INFO - DAG(s) 'gcs_to_bq' retrieved from /home/ghifariyadi_muhammad/airflow/dags/first.py
[2024-11-27T14:35:30.891+0000] {logging_mixin.py:188} INFO - [2024-11-27T14:35:30.890+0000] {dag.py:3096} INFO - Sync 1 DAGs
[2024-11-27T14:35:30.916+0000] {logging_mixin.py:188} INFO - [2024-11-27T14:35:30.916+0000] {dag.py:3954} INFO - Setting next_dagrun for gcs_to_bq to 2024-11-27 00:00:00+00:00, run_after=2024-11-28 00:00:00+00:00
[2024-11-27T14:35:30.940+0000] {processor.py:183} INFO - Processing /home/ghifariyadi_muhammad/airflow/dags/first.py took 0.109 seconds
[2024-11-27T14:36:01.160+0000] {processor.py:161} INFO - Started process (PID=1002) to work on /home/ghifariyadi_muhammad/airflow/dags/first.py
[2024-11-27T14:36:01.161+0000] {processor.py:830} INFO - Processing file /home/ghifariyadi_muhammad/airflow/dags/first.py for tasks to queue
[2024-11-27T14:36:01.164+0000] {logging_mixin.py:188} INFO - [2024-11-27T14:36:01.164+0000] {dagbag.py:545} INFO - Filling up the DagBag from /home/ghifariyadi_muhammad/airflow/dags/first.py
[2024-11-27T14:36:01.185+0000] {processor.py:840} INFO - DAG(s) 'gcs_to_bq' retrieved from /home/ghifariyadi_muhammad/airflow/dags/first.py
[2024-11-27T14:36:01.212+0000] {logging_mixin.py:188} INFO - [2024-11-27T14:36:01.212+0000] {dag.py:3096} INFO - Sync 1 DAGs
[2024-11-27T14:36:01.236+0000] {logging_mixin.py:188} INFO - [2024-11-27T14:36:01.235+0000] {dag.py:3954} INFO - Setting next_dagrun for gcs_to_bq to 2024-11-27 00:00:00+00:00, run_after=2024-11-28 00:00:00+00:00
[2024-11-27T14:36:01.259+0000] {processor.py:183} INFO - Processing /home/ghifariyadi_muhammad/airflow/dags/first.py took 0.108 seconds
[2024-11-27T14:36:31.469+0000] {processor.py:161} INFO - Started process (PID=1004) to work on /home/ghifariyadi_muhammad/airflow/dags/first.py
[2024-11-27T14:36:31.477+0000] {processor.py:830} INFO - Processing file /home/ghifariyadi_muhammad/airflow/dags/first.py for tasks to queue
[2024-11-27T14:36:31.480+0000] {logging_mixin.py:188} INFO - [2024-11-27T14:36:31.479+0000] {dagbag.py:545} INFO - Filling up the DagBag from /home/ghifariyadi_muhammad/airflow/dags/first.py
[2024-11-27T14:36:31.500+0000] {processor.py:840} INFO - DAG(s) 'gcs_to_bq' retrieved from /home/ghifariyadi_muhammad/airflow/dags/first.py
[2024-11-27T14:36:31.523+0000] {logging_mixin.py:188} INFO - [2024-11-27T14:36:31.523+0000] {dag.py:3096} INFO - Sync 1 DAGs
[2024-11-27T14:36:31.545+0000] {logging_mixin.py:188} INFO - [2024-11-27T14:36:31.544+0000] {dag.py:3954} INFO - Setting next_dagrun for gcs_to_bq to 2024-11-27 00:00:00+00:00, run_after=2024-11-28 00:00:00+00:00
[2024-11-27T14:36:31.566+0000] {processor.py:183} INFO - Processing /home/ghifariyadi_muhammad/airflow/dags/first.py took 0.105 seconds
[2024-11-27T14:37:01.703+0000] {processor.py:161} INFO - Started process (PID=1038) to work on /home/ghifariyadi_muhammad/airflow/dags/first.py
[2024-11-27T14:37:01.705+0000] {processor.py:830} INFO - Processing file /home/ghifariyadi_muhammad/airflow/dags/first.py for tasks to queue
[2024-11-27T14:37:01.707+0000] {logging_mixin.py:188} INFO - [2024-11-27T14:37:01.707+0000] {dagbag.py:545} INFO - Filling up the DagBag from /home/ghifariyadi_muhammad/airflow/dags/first.py
[2024-11-27T14:37:01.727+0000] {processor.py:840} INFO - DAG(s) 'gcs_to_bq' retrieved from /home/ghifariyadi_muhammad/airflow/dags/first.py
[2024-11-27T14:37:01.752+0000] {logging_mixin.py:188} INFO - [2024-11-27T14:37:01.751+0000] {dag.py:3096} INFO - Sync 1 DAGs
[2024-11-27T14:37:01.774+0000] {logging_mixin.py:188} INFO - [2024-11-27T14:37:01.774+0000] {dag.py:3954} INFO - Setting next_dagrun for gcs_to_bq to 2024-11-27 00:00:00+00:00, run_after=2024-11-28 00:00:00+00:00
[2024-11-27T14:37:01.797+0000] {processor.py:183} INFO - Processing /home/ghifariyadi_muhammad/airflow/dags/first.py took 0.102 seconds
[2024-11-27T14:37:31.934+0000] {processor.py:161} INFO - Started process (PID=1039) to work on /home/ghifariyadi_muhammad/airflow/dags/first.py
[2024-11-27T14:37:31.936+0000] {processor.py:830} INFO - Processing file /home/ghifariyadi_muhammad/airflow/dags/first.py for tasks to queue
[2024-11-27T14:37:31.939+0000] {logging_mixin.py:188} INFO - [2024-11-27T14:37:31.939+0000] {dagbag.py:545} INFO - Filling up the DagBag from /home/ghifariyadi_muhammad/airflow/dags/first.py
[2024-11-27T14:37:31.959+0000] {processor.py:840} INFO - DAG(s) 'gcs_to_bq' retrieved from /home/ghifariyadi_muhammad/airflow/dags/first.py
[2024-11-27T14:37:31.983+0000] {logging_mixin.py:188} INFO - [2024-11-27T14:37:31.983+0000] {dag.py:3096} INFO - Sync 1 DAGs
[2024-11-27T14:37:32.005+0000] {logging_mixin.py:188} INFO - [2024-11-27T14:37:32.005+0000] {dag.py:3954} INFO - Setting next_dagrun for gcs_to_bq to 2024-11-27 00:00:00+00:00, run_after=2024-11-28 00:00:00+00:00
[2024-11-27T14:37:32.029+0000] {processor.py:183} INFO - Processing /home/ghifariyadi_muhammad/airflow/dags/first.py took 0.102 seconds
[2024-11-27T14:38:02.171+0000] {processor.py:161} INFO - Started process (PID=1040) to work on /home/ghifariyadi_muhammad/airflow/dags/first.py
[2024-11-27T14:38:02.172+0000] {processor.py:830} INFO - Processing file /home/ghifariyadi_muhammad/airflow/dags/first.py for tasks to queue
[2024-11-27T14:38:02.174+0000] {logging_mixin.py:188} INFO - [2024-11-27T14:38:02.174+0000] {dagbag.py:545} INFO - Filling up the DagBag from /home/ghifariyadi_muhammad/airflow/dags/first.py
[2024-11-27T14:38:02.195+0000] {processor.py:840} INFO - DAG(s) 'gcs_to_bq' retrieved from /home/ghifariyadi_muhammad/airflow/dags/first.py
[2024-11-27T14:38:02.220+0000] {logging_mixin.py:188} INFO - [2024-11-27T14:38:02.220+0000] {dag.py:3096} INFO - Sync 1 DAGs
[2024-11-27T14:38:02.243+0000] {logging_mixin.py:188} INFO - [2024-11-27T14:38:02.243+0000] {dag.py:3954} INFO - Setting next_dagrun for gcs_to_bq to 2024-11-27 00:00:00+00:00, run_after=2024-11-28 00:00:00+00:00
[2024-11-27T14:38:02.269+0000] {processor.py:183} INFO - Processing /home/ghifariyadi_muhammad/airflow/dags/first.py took 0.106 seconds
[2024-11-27T14:38:32.405+0000] {processor.py:161} INFO - Started process (PID=1041) to work on /home/ghifariyadi_muhammad/airflow/dags/first.py
[2024-11-27T14:38:32.409+0000] {processor.py:830} INFO - Processing file /home/ghifariyadi_muhammad/airflow/dags/first.py for tasks to queue
[2024-11-27T14:38:32.411+0000] {logging_mixin.py:188} INFO - [2024-11-27T14:38:32.411+0000] {dagbag.py:545} INFO - Filling up the DagBag from /home/ghifariyadi_muhammad/airflow/dags/first.py
[2024-11-27T14:38:32.431+0000] {processor.py:840} INFO - DAG(s) 'gcs_to_bq' retrieved from /home/ghifariyadi_muhammad/airflow/dags/first.py
[2024-11-27T14:38:32.456+0000] {logging_mixin.py:188} INFO - [2024-11-27T14:38:32.455+0000] {dag.py:3096} INFO - Sync 1 DAGs
[2024-11-27T14:38:32.479+0000] {logging_mixin.py:188} INFO - [2024-11-27T14:38:32.479+0000] {dag.py:3954} INFO - Setting next_dagrun for gcs_to_bq to 2024-11-27 00:00:00+00:00, run_after=2024-11-28 00:00:00+00:00
[2024-11-27T14:38:32.501+0000] {processor.py:183} INFO - Processing /home/ghifariyadi_muhammad/airflow/dags/first.py took 0.104 seconds
[2024-11-27T14:39:02.641+0000] {processor.py:161} INFO - Started process (PID=1042) to work on /home/ghifariyadi_muhammad/airflow/dags/first.py
[2024-11-27T14:39:02.644+0000] {processor.py:830} INFO - Processing file /home/ghifariyadi_muhammad/airflow/dags/first.py for tasks to queue
[2024-11-27T14:39:02.646+0000] {logging_mixin.py:188} INFO - [2024-11-27T14:39:02.646+0000] {dagbag.py:545} INFO - Filling up the DagBag from /home/ghifariyadi_muhammad/airflow/dags/first.py
[2024-11-27T14:39:02.666+0000] {processor.py:840} INFO - DAG(s) 'gcs_to_bq' retrieved from /home/ghifariyadi_muhammad/airflow/dags/first.py
[2024-11-27T14:39:02.691+0000] {logging_mixin.py:188} INFO - [2024-11-27T14:39:02.690+0000] {dag.py:3096} INFO - Sync 1 DAGs
[2024-11-27T14:39:02.716+0000] {logging_mixin.py:188} INFO - [2024-11-27T14:39:02.716+0000] {dag.py:3954} INFO - Setting next_dagrun for gcs_to_bq to 2024-11-27 00:00:00+00:00, run_after=2024-11-28 00:00:00+00:00
[2024-11-27T14:39:02.738+0000] {processor.py:183} INFO - Processing /home/ghifariyadi_muhammad/airflow/dags/first.py took 0.106 seconds
[2024-11-27T14:39:32.873+0000] {processor.py:161} INFO - Started process (PID=1043) to work on /home/ghifariyadi_muhammad/airflow/dags/first.py
[2024-11-27T14:39:32.875+0000] {processor.py:830} INFO - Processing file /home/ghifariyadi_muhammad/airflow/dags/first.py for tasks to queue
[2024-11-27T14:39:32.878+0000] {logging_mixin.py:188} INFO - [2024-11-27T14:39:32.878+0000] {dagbag.py:545} INFO - Filling up the DagBag from /home/ghifariyadi_muhammad/airflow/dags/first.py
[2024-11-27T14:39:32.903+0000] {processor.py:840} INFO - DAG(s) 'gcs_to_bq' retrieved from /home/ghifariyadi_muhammad/airflow/dags/first.py
[2024-11-27T14:39:32.931+0000] {logging_mixin.py:188} INFO - [2024-11-27T14:39:32.930+0000] {dag.py:3096} INFO - Sync 1 DAGs
[2024-11-27T14:39:32.955+0000] {logging_mixin.py:188} INFO - [2024-11-27T14:39:32.955+0000] {dag.py:3954} INFO - Setting next_dagrun for gcs_to_bq to 2024-11-27 00:00:00+00:00, run_after=2024-11-28 00:00:00+00:00
[2024-11-27T14:39:32.977+0000] {processor.py:183} INFO - Processing /home/ghifariyadi_muhammad/airflow/dags/first.py took 0.113 seconds
[2024-11-27T14:40:03.107+0000] {processor.py:161} INFO - Started process (PID=1054) to work on /home/ghifariyadi_muhammad/airflow/dags/first.py
[2024-11-27T14:40:03.108+0000] {processor.py:830} INFO - Processing file /home/ghifariyadi_muhammad/airflow/dags/first.py for tasks to queue
[2024-11-27T14:40:03.111+0000] {logging_mixin.py:188} INFO - [2024-11-27T14:40:03.110+0000] {dagbag.py:545} INFO - Filling up the DagBag from /home/ghifariyadi_muhammad/airflow/dags/first.py
[2024-11-27T14:40:03.130+0000] {processor.py:840} INFO - DAG(s) 'gcs_to_bq' retrieved from /home/ghifariyadi_muhammad/airflow/dags/first.py
[2024-11-27T14:40:03.155+0000] {logging_mixin.py:188} INFO - [2024-11-27T14:40:03.155+0000] {dag.py:3096} INFO - Sync 1 DAGs
[2024-11-27T14:40:03.180+0000] {logging_mixin.py:188} INFO - [2024-11-27T14:40:03.180+0000] {dag.py:3954} INFO - Setting next_dagrun for gcs_to_bq to 2024-11-27 00:00:00+00:00, run_after=2024-11-28 00:00:00+00:00
[2024-11-27T14:40:03.203+0000] {processor.py:183} INFO - Processing /home/ghifariyadi_muhammad/airflow/dags/first.py took 0.104 seconds
[2024-11-27T14:40:33.354+0000] {processor.py:161} INFO - Started process (PID=1055) to work on /home/ghifariyadi_muhammad/airflow/dags/first.py
[2024-11-27T14:40:33.357+0000] {processor.py:830} INFO - Processing file /home/ghifariyadi_muhammad/airflow/dags/first.py for tasks to queue
[2024-11-27T14:40:33.360+0000] {logging_mixin.py:188} INFO - [2024-11-27T14:40:33.360+0000] {dagbag.py:545} INFO - Filling up the DagBag from /home/ghifariyadi_muhammad/airflow/dags/first.py
[2024-11-27T14:40:33.384+0000] {processor.py:840} INFO - DAG(s) 'gcs_to_bq' retrieved from /home/ghifariyadi_muhammad/airflow/dags/first.py
[2024-11-27T14:40:33.412+0000] {logging_mixin.py:188} INFO - [2024-11-27T14:40:33.412+0000] {dag.py:3096} INFO - Sync 1 DAGs
[2024-11-27T14:40:33.437+0000] {logging_mixin.py:188} INFO - [2024-11-27T14:40:33.437+0000] {dag.py:3954} INFO - Setting next_dagrun for gcs_to_bq to 2024-11-27 00:00:00+00:00, run_after=2024-11-28 00:00:00+00:00
[2024-11-27T14:40:33.462+0000] {processor.py:183} INFO - Processing /home/ghifariyadi_muhammad/airflow/dags/first.py took 0.116 seconds
[2024-11-27T14:41:03.591+0000] {processor.py:161} INFO - Started process (PID=1064) to work on /home/ghifariyadi_muhammad/airflow/dags/first.py
[2024-11-27T14:41:03.592+0000] {processor.py:830} INFO - Processing file /home/ghifariyadi_muhammad/airflow/dags/first.py for tasks to queue
[2024-11-27T14:41:03.594+0000] {logging_mixin.py:188} INFO - [2024-11-27T14:41:03.594+0000] {dagbag.py:545} INFO - Filling up the DagBag from /home/ghifariyadi_muhammad/airflow/dags/first.py
[2024-11-27T14:41:03.614+0000] {processor.py:840} INFO - DAG(s) 'gcs_to_bq' retrieved from /home/ghifariyadi_muhammad/airflow/dags/first.py
[2024-11-27T14:41:03.639+0000] {logging_mixin.py:188} INFO - [2024-11-27T14:41:03.639+0000] {dag.py:3096} INFO - Sync 1 DAGs
[2024-11-27T14:41:03.661+0000] {logging_mixin.py:188} INFO - [2024-11-27T14:41:03.661+0000] {dag.py:3954} INFO - Setting next_dagrun for gcs_to_bq to 2024-11-27 00:00:00+00:00, run_after=2024-11-28 00:00:00+00:00
[2024-11-27T14:41:03.683+0000] {processor.py:183} INFO - Processing /home/ghifariyadi_muhammad/airflow/dags/first.py took 0.101 seconds
[2024-11-27T14:41:33.822+0000] {processor.py:161} INFO - Started process (PID=1065) to work on /home/ghifariyadi_muhammad/airflow/dags/first.py
[2024-11-27T14:41:33.825+0000] {processor.py:830} INFO - Processing file /home/ghifariyadi_muhammad/airflow/dags/first.py for tasks to queue
[2024-11-27T14:41:33.828+0000] {logging_mixin.py:188} INFO - [2024-11-27T14:41:33.827+0000] {dagbag.py:545} INFO - Filling up the DagBag from /home/ghifariyadi_muhammad/airflow/dags/first.py
[2024-11-27T14:41:33.847+0000] {processor.py:840} INFO - DAG(s) 'gcs_to_bq' retrieved from /home/ghifariyadi_muhammad/airflow/dags/first.py
[2024-11-27T14:41:33.872+0000] {logging_mixin.py:188} INFO - [2024-11-27T14:41:33.871+0000] {dag.py:3096} INFO - Sync 1 DAGs
[2024-11-27T14:41:33.895+0000] {logging_mixin.py:188} INFO - [2024-11-27T14:41:33.894+0000] {dag.py:3954} INFO - Setting next_dagrun for gcs_to_bq to 2024-11-27 00:00:00+00:00, run_after=2024-11-28 00:00:00+00:00
[2024-11-27T14:41:33.917+0000] {processor.py:183} INFO - Processing /home/ghifariyadi_muhammad/airflow/dags/first.py took 0.103 seconds
[2024-11-27T14:42:04.051+0000] {processor.py:161} INFO - Started process (PID=1069) to work on /home/ghifariyadi_muhammad/airflow/dags/first.py
[2024-11-27T14:42:04.053+0000] {processor.py:830} INFO - Processing file /home/ghifariyadi_muhammad/airflow/dags/first.py for tasks to queue
[2024-11-27T14:42:04.055+0000] {logging_mixin.py:188} INFO - [2024-11-27T14:42:04.055+0000] {dagbag.py:545} INFO - Filling up the DagBag from /home/ghifariyadi_muhammad/airflow/dags/first.py
[2024-11-27T14:42:04.075+0000] {processor.py:840} INFO - DAG(s) 'gcs_to_bq' retrieved from /home/ghifariyadi_muhammad/airflow/dags/first.py
[2024-11-27T14:42:04.099+0000] {logging_mixin.py:188} INFO - [2024-11-27T14:42:04.099+0000] {dag.py:3096} INFO - Sync 1 DAGs
[2024-11-27T14:42:04.121+0000] {logging_mixin.py:188} INFO - [2024-11-27T14:42:04.120+0000] {dag.py:3954} INFO - Setting next_dagrun for gcs_to_bq to 2024-11-27 00:00:00+00:00, run_after=2024-11-28 00:00:00+00:00
[2024-11-27T14:42:04.145+0000] {processor.py:183} INFO - Processing /home/ghifariyadi_muhammad/airflow/dags/first.py took 0.102 seconds
[2024-11-27T14:42:34.285+0000] {processor.py:161} INFO - Started process (PID=1070) to work on /home/ghifariyadi_muhammad/airflow/dags/first.py
[2024-11-27T14:42:34.287+0000] {processor.py:830} INFO - Processing file /home/ghifariyadi_muhammad/airflow/dags/first.py for tasks to queue
[2024-11-27T14:42:34.290+0000] {logging_mixin.py:188} INFO - [2024-11-27T14:42:34.290+0000] {dagbag.py:545} INFO - Filling up the DagBag from /home/ghifariyadi_muhammad/airflow/dags/first.py
[2024-11-27T14:42:34.311+0000] {processor.py:840} INFO - DAG(s) 'gcs_to_bq' retrieved from /home/ghifariyadi_muhammad/airflow/dags/first.py
[2024-11-27T14:42:34.335+0000] {logging_mixin.py:188} INFO - [2024-11-27T14:42:34.335+0000] {dag.py:3096} INFO - Sync 1 DAGs
[2024-11-27T14:42:34.359+0000] {logging_mixin.py:188} INFO - [2024-11-27T14:42:34.359+0000] {dag.py:3954} INFO - Setting next_dagrun for gcs_to_bq to 2024-11-27 00:00:00+00:00, run_after=2024-11-28 00:00:00+00:00
[2024-11-27T14:42:34.381+0000] {processor.py:183} INFO - Processing /home/ghifariyadi_muhammad/airflow/dags/first.py took 0.104 seconds
[2024-11-27T14:43:04.513+0000] {processor.py:161} INFO - Started process (PID=1071) to work on /home/ghifariyadi_muhammad/airflow/dags/first.py
[2024-11-27T14:43:04.514+0000] {processor.py:830} INFO - Processing file /home/ghifariyadi_muhammad/airflow/dags/first.py for tasks to queue
[2024-11-27T14:43:04.517+0000] {logging_mixin.py:188} INFO - [2024-11-27T14:43:04.516+0000] {dagbag.py:545} INFO - Filling up the DagBag from /home/ghifariyadi_muhammad/airflow/dags/first.py
[2024-11-27T14:43:04.536+0000] {processor.py:840} INFO - DAG(s) 'gcs_to_bq' retrieved from /home/ghifariyadi_muhammad/airflow/dags/first.py
[2024-11-27T14:43:04.560+0000] {logging_mixin.py:188} INFO - [2024-11-27T14:43:04.559+0000] {dag.py:3096} INFO - Sync 1 DAGs
[2024-11-27T14:43:04.583+0000] {logging_mixin.py:188} INFO - [2024-11-27T14:43:04.583+0000] {dag.py:3954} INFO - Setting next_dagrun for gcs_to_bq to 2024-11-27 00:00:00+00:00, run_after=2024-11-28 00:00:00+00:00
[2024-11-27T14:43:04.604+0000] {processor.py:183} INFO - Processing /home/ghifariyadi_muhammad/airflow/dags/first.py took 0.099 seconds
[2024-11-27T14:43:34.740+0000] {processor.py:161} INFO - Started process (PID=1072) to work on /home/ghifariyadi_muhammad/airflow/dags/first.py
[2024-11-27T14:43:34.742+0000] {processor.py:830} INFO - Processing file /home/ghifariyadi_muhammad/airflow/dags/first.py for tasks to queue
[2024-11-27T14:43:34.745+0000] {logging_mixin.py:188} INFO - [2024-11-27T14:43:34.745+0000] {dagbag.py:545} INFO - Filling up the DagBag from /home/ghifariyadi_muhammad/airflow/dags/first.py
[2024-11-27T14:43:34.765+0000] {processor.py:840} INFO - DAG(s) 'gcs_to_bq' retrieved from /home/ghifariyadi_muhammad/airflow/dags/first.py
[2024-11-27T14:43:34.789+0000] {logging_mixin.py:188} INFO - [2024-11-27T14:43:34.789+0000] {dag.py:3096} INFO - Sync 1 DAGs
[2024-11-27T14:43:34.812+0000] {logging_mixin.py:188} INFO - [2024-11-27T14:43:34.812+0000] {dag.py:3954} INFO - Setting next_dagrun for gcs_to_bq to 2024-11-27 00:00:00+00:00, run_after=2024-11-28 00:00:00+00:00
[2024-11-27T14:43:34.833+0000] {processor.py:183} INFO - Processing /home/ghifariyadi_muhammad/airflow/dags/first.py took 0.100 seconds
[2024-11-27T14:44:05.966+0000] {processor.py:161} INFO - Started process (PID=1073) to work on /home/ghifariyadi_muhammad/airflow/dags/first.py
[2024-11-27T14:44:05.968+0000] {processor.py:830} INFO - Processing file /home/ghifariyadi_muhammad/airflow/dags/first.py for tasks to queue
[2024-11-27T14:44:05.971+0000] {logging_mixin.py:188} INFO - [2024-11-27T14:44:05.970+0000] {dagbag.py:545} INFO - Filling up the DagBag from /home/ghifariyadi_muhammad/airflow/dags/first.py
[2024-11-27T14:44:05.993+0000] {processor.py:840} INFO - DAG(s) 'gcs_to_bq' retrieved from /home/ghifariyadi_muhammad/airflow/dags/first.py
[2024-11-27T14:44:06.018+0000] {logging_mixin.py:188} INFO - [2024-11-27T14:44:06.017+0000] {dag.py:3096} INFO - Sync 1 DAGs
[2024-11-27T14:44:06.039+0000] {logging_mixin.py:188} INFO - [2024-11-27T14:44:06.039+0000] {dag.py:3954} INFO - Setting next_dagrun for gcs_to_bq to 2024-11-27 00:00:00+00:00, run_after=2024-11-28 00:00:00+00:00
[2024-11-27T14:44:06.061+0000] {processor.py:183} INFO - Processing /home/ghifariyadi_muhammad/airflow/dags/first.py took 0.103 seconds
[2024-11-27T14:44:36.230+0000] {processor.py:161} INFO - Started process (PID=1074) to work on /home/ghifariyadi_muhammad/airflow/dags/first.py
[2024-11-27T14:44:36.232+0000] {processor.py:830} INFO - Processing file /home/ghifariyadi_muhammad/airflow/dags/first.py for tasks to queue
[2024-11-27T14:44:36.235+0000] {logging_mixin.py:188} INFO - [2024-11-27T14:44:36.235+0000] {dagbag.py:545} INFO - Filling up the DagBag from /home/ghifariyadi_muhammad/airflow/dags/first.py
[2024-11-27T14:44:36.260+0000] {processor.py:840} INFO - DAG(s) 'gcs_to_bq' retrieved from /home/ghifariyadi_muhammad/airflow/dags/first.py
[2024-11-27T14:44:36.294+0000] {logging_mixin.py:188} INFO - [2024-11-27T14:44:36.293+0000] {dag.py:3096} INFO - Sync 1 DAGs
[2024-11-27T14:44:36.324+0000] {logging_mixin.py:188} INFO - [2024-11-27T14:44:36.323+0000] {dag.py:3954} INFO - Setting next_dagrun for gcs_to_bq to 2024-11-27 00:00:00+00:00, run_after=2024-11-28 00:00:00+00:00
[2024-11-27T14:44:36.352+0000] {processor.py:183} INFO - Processing /home/ghifariyadi_muhammad/airflow/dags/first.py took 0.131 seconds
[2024-11-27T14:44:43.499+0000] {processor.py:161} INFO - Started process (PID=1082) to work on /home/ghifariyadi_muhammad/airflow/dags/first.py
[2024-11-27T14:44:43.500+0000] {processor.py:830} INFO - Processing file /home/ghifariyadi_muhammad/airflow/dags/first.py for tasks to queue
[2024-11-27T14:44:43.503+0000] {logging_mixin.py:188} INFO - [2024-11-27T14:44:43.502+0000] {dagbag.py:545} INFO - Filling up the DagBag from /home/ghifariyadi_muhammad/airflow/dags/first.py
[2024-11-27T14:44:43.522+0000] {processor.py:840} INFO - DAG(s) 'gcs_to_bq' retrieved from /home/ghifariyadi_muhammad/airflow/dags/first.py
[2024-11-27T14:44:43.547+0000] {logging_mixin.py:188} INFO - [2024-11-27T14:44:43.547+0000] {dag.py:3096} INFO - Sync 1 DAGs
[2024-11-27T14:44:43.572+0000] {logging_mixin.py:188} INFO - [2024-11-27T14:44:43.571+0000] {dag.py:3954} INFO - Setting next_dagrun for gcs_to_bq to 2024-11-27 00:00:00+00:00, run_after=2024-11-28 00:00:00+00:00
[2024-11-27T14:44:43.593+0000] {processor.py:183} INFO - Processing /home/ghifariyadi_muhammad/airflow/dags/first.py took 0.102 seconds
[2024-11-27T14:45:15.485+0000] {processor.py:161} INFO - Started process (PID=1100) to work on /home/ghifariyadi_muhammad/airflow/dags/first.py
[2024-11-27T14:45:15.487+0000] {processor.py:830} INFO - Processing file /home/ghifariyadi_muhammad/airflow/dags/first.py for tasks to queue
[2024-11-27T14:45:15.490+0000] {logging_mixin.py:188} INFO - [2024-11-27T14:45:15.489+0000] {dagbag.py:545} INFO - Filling up the DagBag from /home/ghifariyadi_muhammad/airflow/dags/first.py
[2024-11-27T14:45:15.509+0000] {processor.py:840} INFO - DAG(s) 'gcs_to_bq' retrieved from /home/ghifariyadi_muhammad/airflow/dags/first.py
[2024-11-27T14:45:15.532+0000] {logging_mixin.py:188} INFO - [2024-11-27T14:45:15.532+0000] {dag.py:3096} INFO - Sync 1 DAGs
[2024-11-27T14:45:15.556+0000] {logging_mixin.py:188} INFO - [2024-11-27T14:45:15.556+0000] {dag.py:3954} INFO - Setting next_dagrun for gcs_to_bq to 2024-11-27 00:00:00+00:00, run_after=2024-11-28 00:00:00+00:00
[2024-11-27T14:45:15.578+0000] {processor.py:183} INFO - Processing /home/ghifariyadi_muhammad/airflow/dags/first.py took 0.100 seconds
[2024-11-27T14:45:51.450+0000] {processor.py:161} INFO - Started process (PID=1146) to work on /home/ghifariyadi_muhammad/airflow/dags/first.py
[2024-11-27T14:45:51.451+0000] {processor.py:830} INFO - Processing file /home/ghifariyadi_muhammad/airflow/dags/first.py for tasks to queue
[2024-11-27T14:45:51.454+0000] {logging_mixin.py:188} INFO - [2024-11-27T14:45:51.453+0000] {dagbag.py:545} INFO - Filling up the DagBag from /home/ghifariyadi_muhammad/airflow/dags/first.py
[2024-11-27T14:45:51.472+0000] {processor.py:840} INFO - DAG(s) 'gcs_to_bq' retrieved from /home/ghifariyadi_muhammad/airflow/dags/first.py
[2024-11-27T14:45:51.499+0000] {logging_mixin.py:188} INFO - [2024-11-27T14:45:51.499+0000] {dag.py:3096} INFO - Sync 1 DAGs
[2024-11-27T14:45:51.520+0000] {logging_mixin.py:188} INFO - [2024-11-27T14:45:51.520+0000] {dag.py:3954} INFO - Setting next_dagrun for gcs_to_bq to 2024-11-27 00:00:00+00:00, run_after=2024-11-28 00:00:00+00:00
[2024-11-27T14:45:51.541+0000] {processor.py:183} INFO - Processing /home/ghifariyadi_muhammad/airflow/dags/first.py took 0.099 seconds
[2024-11-27T14:46:22.682+0000] {processor.py:161} INFO - Started process (PID=1147) to work on /home/ghifariyadi_muhammad/airflow/dags/first.py
[2024-11-27T14:46:22.683+0000] {processor.py:830} INFO - Processing file /home/ghifariyadi_muhammad/airflow/dags/first.py for tasks to queue
[2024-11-27T14:46:22.685+0000] {logging_mixin.py:188} INFO - [2024-11-27T14:46:22.685+0000] {dagbag.py:545} INFO - Filling up the DagBag from /home/ghifariyadi_muhammad/airflow/dags/first.py
[2024-11-27T14:46:22.705+0000] {processor.py:840} INFO - DAG(s) 'gcs_to_bq' retrieved from /home/ghifariyadi_muhammad/airflow/dags/first.py
[2024-11-27T14:46:22.731+0000] {logging_mixin.py:188} INFO - [2024-11-27T14:46:22.731+0000] {dag.py:3096} INFO - Sync 1 DAGs
[2024-11-27T14:46:22.753+0000] {logging_mixin.py:188} INFO - [2024-11-27T14:46:22.753+0000] {dag.py:3954} INFO - Setting next_dagrun for gcs_to_bq to 2024-11-27 00:00:00+00:00, run_after=2024-11-28 00:00:00+00:00
[2024-11-27T14:46:22.775+0000] {processor.py:183} INFO - Processing /home/ghifariyadi_muhammad/airflow/dags/first.py took 0.101 seconds
[2024-11-27T14:46:52.912+0000] {processor.py:161} INFO - Started process (PID=1149) to work on /home/ghifariyadi_muhammad/airflow/dags/first.py
[2024-11-27T14:46:52.914+0000] {processor.py:830} INFO - Processing file /home/ghifariyadi_muhammad/airflow/dags/first.py for tasks to queue
[2024-11-27T14:46:52.917+0000] {logging_mixin.py:188} INFO - [2024-11-27T14:46:52.917+0000] {dagbag.py:545} INFO - Filling up the DagBag from /home/ghifariyadi_muhammad/airflow/dags/first.py
[2024-11-27T14:46:52.940+0000] {processor.py:840} INFO - DAG(s) 'gcs_to_bq' retrieved from /home/ghifariyadi_muhammad/airflow/dags/first.py
[2024-11-27T14:46:52.967+0000] {logging_mixin.py:188} INFO - [2024-11-27T14:46:52.967+0000] {dag.py:3096} INFO - Sync 1 DAGs
[2024-11-27T14:46:52.991+0000] {logging_mixin.py:188} INFO - [2024-11-27T14:46:52.991+0000] {dag.py:3954} INFO - Setting next_dagrun for gcs_to_bq to 2024-11-27 00:00:00+00:00, run_after=2024-11-28 00:00:00+00:00
[2024-11-27T14:46:53.013+0000] {processor.py:183} INFO - Processing /home/ghifariyadi_muhammad/airflow/dags/first.py took 0.109 seconds
[2024-11-27T14:47:23.143+0000] {processor.py:161} INFO - Started process (PID=1150) to work on /home/ghifariyadi_muhammad/airflow/dags/first.py
[2024-11-27T14:47:23.145+0000] {processor.py:830} INFO - Processing file /home/ghifariyadi_muhammad/airflow/dags/first.py for tasks to queue
[2024-11-27T14:47:23.148+0000] {logging_mixin.py:188} INFO - [2024-11-27T14:47:23.147+0000] {dagbag.py:545} INFO - Filling up the DagBag from /home/ghifariyadi_muhammad/airflow/dags/first.py
[2024-11-27T14:47:23.170+0000] {processor.py:840} INFO - DAG(s) 'gcs_to_bq' retrieved from /home/ghifariyadi_muhammad/airflow/dags/first.py
[2024-11-27T14:47:23.196+0000] {logging_mixin.py:188} INFO - [2024-11-27T14:47:23.196+0000] {dag.py:3096} INFO - Sync 1 DAGs
[2024-11-27T14:47:23.220+0000] {logging_mixin.py:188} INFO - [2024-11-27T14:47:23.220+0000] {dag.py:3954} INFO - Setting next_dagrun for gcs_to_bq to 2024-11-27 00:00:00+00:00, run_after=2024-11-28 00:00:00+00:00
[2024-11-27T14:47:23.242+0000] {processor.py:183} INFO - Processing /home/ghifariyadi_muhammad/airflow/dags/first.py took 0.108 seconds
