[2024-11-17T08:10:43.156+0000] {local_task_job_runner.py:120} INFO - ::group::Pre task execution logs
[2024-11-17T08:10:43.168+0000] {taskinstance.py:2076} INFO - Dependencies all met for dep_context=non-requeueable deps ti=<TaskInstance: gcs_to_bq.product manual__2024-11-17T08:10:39.401165+00:00 [queued]>
[2024-11-17T08:10:43.174+0000] {taskinstance.py:2076} INFO - Dependencies all met for dep_context=requeueable deps ti=<TaskInstance: gcs_to_bq.product manual__2024-11-17T08:10:39.401165+00:00 [queued]>
[2024-11-17T08:10:43.174+0000] {taskinstance.py:2306} INFO - Starting attempt 1 of 2
[2024-11-17T08:10:43.188+0000] {taskinstance.py:2330} INFO - Executing <Task(GCSToBigQueryOperator): product> on 2024-11-17 08:10:39.401165+00:00
[2024-11-17T08:10:43.193+0000] {standard_task_runner.py:63} INFO - Started process 1031 to run task
[2024-11-17T08:10:43.200+0000] {standard_task_runner.py:90} INFO - Running: ['airflow', 'tasks', 'run', 'gcs_to_bq', 'product', 'manual__2024-11-17T08:10:39.401165+00:00', '--job-id', '24', '--raw', '--subdir', 'DAGS_FOLDER/first.py', '--cfg-path', '/tmp/tmpnhkzzlak']
[2024-11-17T08:10:43.203+0000] {standard_task_runner.py:91} INFO - Job 24: Subtask product
[2024-11-17T08:10:43.246+0000] {task_command.py:426} INFO - Running <TaskInstance: gcs_to_bq.product manual__2024-11-17T08:10:39.401165+00:00 [running]> on host portfolio.us-central1-c.c.golden-centaur-440309-a9.internal
[2024-11-17T08:10:43.319+0000] {taskinstance.py:2648} INFO - Exporting env vars: AIRFLOW_CTX_DAG_OWNER='airflow' AIRFLOW_CTX_DAG_ID='gcs_to_bq' AIRFLOW_CTX_TASK_ID='product' AIRFLOW_CTX_EXECUTION_DATE='2024-11-17T08:10:39.401165+00:00' AIRFLOW_CTX_TRY_NUMBER='1' AIRFLOW_CTX_DAG_RUN_ID='manual__2024-11-17T08:10:39.401165+00:00'
[2024-11-17T08:10:43.320+0000] {taskinstance.py:430} INFO - ::endgroup::
[2024-11-17T08:10:43.338+0000] {connection.py:274} WARNING - Connection schemes (type: google_cloud_platform) shall not contain '_' according to RFC3986.
[2024-11-17T08:10:43.339+0000] {base.py:84} INFO - Using connection ID 'google_cloud_default' for task execution.
[2024-11-17T08:10:43.340+0000] {gcs_to_bigquery.py:380} INFO - Using existing BigQuery table for storing data...
[2024-11-17T08:10:43.392+0000] {gcs_to_bigquery.py:384} INFO - Executing: {'load': {'autodetect': True, 'createDisposition': 'CREATE_IF_NEEDED', 'destinationTable': {'projectId': 'golden-centaur-440309-a9', 'datasetId': 'raw', 'tableId': 'product'}, 'sourceFormat': 'CSV', 'sourceUris': ['gs://ghif_portfolio/sales_data - product.csv'], 'writeDisposition': 'WRITE_TRUNCATE', 'ignoreUnknownValues': False, 'skipLeadingRows': None, 'fieldDelimiter': ',', 'quote': None, 'allowQuotedNewlines': False, 'encoding': 'UTF-8'}}
[2024-11-17T08:10:43.394+0000] {bigquery.py:1660} INFO - Inserting job airflow_gcs_to_bq_product_2024_11_17T08_10_39_401165_00_00_900ca7c3cbd6d8f2fdbba883f2adbb0d
[2024-11-17T08:10:46.198+0000] {taskinstance.py:441} INFO - ::group::Post task execution logs
[2024-11-17T08:10:46.203+0000] {taskinstance.py:1206} INFO - Marking task as SUCCESS. dag_id=gcs_to_bq, task_id=product, run_id=manual__2024-11-17T08:10:39.401165+00:00, execution_date=20241117T081039, start_date=20241117T081043, end_date=20241117T081046
[2024-11-17T08:10:46.224+0000] {local_task_job_runner.py:240} INFO - Task exited with return code 0
[2024-11-17T08:10:46.247+0000] {taskinstance.py:3503} INFO - 1 downstream tasks scheduled from follow-on schedule check
[2024-11-17T08:10:46.252+0000] {local_task_job_runner.py:222} INFO - ::endgroup::
