[2024-11-17T08:46:44.523+0000] {local_task_job_runner.py:120} INFO - ::group::Pre task execution logs
[2024-11-17T08:46:44.535+0000] {taskinstance.py:2076} INFO - Dependencies all met for dep_context=non-requeueable deps ti=<TaskInstance: gcs_to_bq.product manual__2024-11-17T08:46:40.645848+00:00 [queued]>
[2024-11-17T08:46:44.541+0000] {taskinstance.py:2076} INFO - Dependencies all met for dep_context=requeueable deps ti=<TaskInstance: gcs_to_bq.product manual__2024-11-17T08:46:40.645848+00:00 [queued]>
[2024-11-17T08:46:44.541+0000] {taskinstance.py:2306} INFO - Starting attempt 1 of 2
[2024-11-17T08:46:44.555+0000] {taskinstance.py:2330} INFO - Executing <Task(GCSToBigQueryOperator): product> on 2024-11-17 08:46:40.645848+00:00
[2024-11-17T08:46:44.560+0000] {standard_task_runner.py:63} INFO - Started process 2118 to run task
[2024-11-17T08:46:44.565+0000] {standard_task_runner.py:90} INFO - Running: ['airflow', 'tasks', 'run', 'gcs_to_bq', 'product', 'manual__2024-11-17T08:46:40.645848+00:00', '--job-id', '36', '--raw', '--subdir', 'DAGS_FOLDER/first.py', '--cfg-path', '/tmp/tmp5aw7_y8c']
[2024-11-17T08:46:44.568+0000] {standard_task_runner.py:91} INFO - Job 36: Subtask product
[2024-11-17T08:46:44.610+0000] {task_command.py:426} INFO - Running <TaskInstance: gcs_to_bq.product manual__2024-11-17T08:46:40.645848+00:00 [running]> on host portfolio.us-central1-c.c.golden-centaur-440309-a9.internal
[2024-11-17T08:46:44.680+0000] {taskinstance.py:2648} INFO - Exporting env vars: AIRFLOW_CTX_DAG_OWNER='airflow' AIRFLOW_CTX_DAG_ID='gcs_to_bq' AIRFLOW_CTX_TASK_ID='product' AIRFLOW_CTX_EXECUTION_DATE='2024-11-17T08:46:40.645848+00:00' AIRFLOW_CTX_TRY_NUMBER='1' AIRFLOW_CTX_DAG_RUN_ID='manual__2024-11-17T08:46:40.645848+00:00'
[2024-11-17T08:46:44.681+0000] {taskinstance.py:430} INFO - ::endgroup::
[2024-11-17T08:46:44.701+0000] {connection.py:274} WARNING - Connection schemes (type: google_cloud_platform) shall not contain '_' according to RFC3986.
[2024-11-17T08:46:44.703+0000] {base.py:84} INFO - Using connection ID 'google_cloud_default' for task execution.
[2024-11-17T08:46:44.705+0000] {gcs_to_bigquery.py:380} INFO - Using existing BigQuery table for storing data...
[2024-11-17T08:46:44.758+0000] {gcs_to_bigquery.py:384} INFO - Executing: {'load': {'autodetect': True, 'createDisposition': 'CREATE_IF_NEEDED', 'destinationTable': {'projectId': 'golden-centaur-440309-a9', 'datasetId': 'raw', 'tableId': 'product'}, 'sourceFormat': 'CSV', 'sourceUris': ['gs://ghif_portfolio/sales_data - product.csv'], 'writeDisposition': 'WRITE_TRUNCATE', 'ignoreUnknownValues': False, 'skipLeadingRows': None, 'fieldDelimiter': ',', 'quote': None, 'allowQuotedNewlines': False, 'encoding': 'UTF-8'}}
[2024-11-17T08:46:44.760+0000] {bigquery.py:1660} INFO - Inserting job airflow_gcs_to_bq_product_2024_11_17T08_46_40_645848_00_00_61ae37c97128c7cb5699be16f67c4388
[2024-11-17T08:46:47.432+0000] {taskinstance.py:441} INFO - ::group::Post task execution logs
[2024-11-17T08:46:47.438+0000] {taskinstance.py:1206} INFO - Marking task as SUCCESS. dag_id=gcs_to_bq, task_id=product, run_id=manual__2024-11-17T08:46:40.645848+00:00, execution_date=20241117T084640, start_date=20241117T084644, end_date=20241117T084647
[2024-11-17T08:46:47.469+0000] {local_task_job_runner.py:240} INFO - Task exited with return code 0
[2024-11-17T08:46:47.492+0000] {taskinstance.py:3503} INFO - 1 downstream tasks scheduled from follow-on schedule check
[2024-11-17T08:46:47.496+0000] {local_task_job_runner.py:222} INFO - ::endgroup::
