[2024-11-12T07:44:50.015+0000] {local_task_job_runner.py:120} INFO - ::group::Pre task execution logs
[2024-11-12T07:44:50.028+0000] {taskinstance.py:2076} INFO - Dependencies all met for dep_context=non-requeueable deps ti=<TaskInstance: gcs_to_bq.gcs_to_bq manual__2024-11-12T07:39:41.875326+00:00 [queued]>
[2024-11-12T07:44:50.035+0000] {taskinstance.py:2076} INFO - Dependencies all met for dep_context=requeueable deps ti=<TaskInstance: gcs_to_bq.gcs_to_bq manual__2024-11-12T07:39:41.875326+00:00 [queued]>
[2024-11-12T07:44:50.035+0000] {taskinstance.py:2306} INFO - Starting attempt 2 of 2
[2024-11-12T07:44:50.052+0000] {taskinstance.py:2330} INFO - Executing <Task(GCSToBigQueryOperator): gcs_to_bq> on 2024-11-12 07:39:41.875326+00:00
[2024-11-12T07:44:50.058+0000] {standard_task_runner.py:63} INFO - Started process 1175 to run task
[2024-11-12T07:44:50.064+0000] {standard_task_runner.py:90} INFO - Running: ['airflow', 'tasks', 'run', 'gcs_to_bq', 'gcs_to_bq', 'manual__2024-11-12T07:39:41.875326+00:00', '--job-id', '16', '--raw', '--subdir', 'DAGS_FOLDER/first.py', '--cfg-path', '/tmp/tmpsas6yzfy']
[2024-11-12T07:44:50.068+0000] {standard_task_runner.py:91} INFO - Job 16: Subtask gcs_to_bq
[2024-11-12T07:44:50.117+0000] {task_command.py:426} INFO - Running <TaskInstance: gcs_to_bq.gcs_to_bq manual__2024-11-12T07:39:41.875326+00:00 [running]> on host portfolio.us-central1-c.c.golden-centaur-440309-a9.internal
[2024-11-12T07:44:50.193+0000] {taskinstance.py:2648} INFO - Exporting env vars: AIRFLOW_CTX_DAG_OWNER='airflow' AIRFLOW_CTX_DAG_ID='gcs_to_bq' AIRFLOW_CTX_TASK_ID='gcs_to_bq' AIRFLOW_CTX_EXECUTION_DATE='2024-11-12T07:39:41.875326+00:00' AIRFLOW_CTX_TRY_NUMBER='2' AIRFLOW_CTX_DAG_RUN_ID='manual__2024-11-12T07:39:41.875326+00:00'
[2024-11-12T07:44:50.194+0000] {taskinstance.py:430} INFO - ::endgroup::
[2024-11-12T07:44:50.212+0000] {connection.py:274} WARNING - Connection schemes (type: google_cloud_platform) shall not contain '_' according to RFC3986.
[2024-11-12T07:44:50.213+0000] {base.py:84} INFO - Using connection ID 'google_cloud_default' for task execution.
[2024-11-12T07:44:50.214+0000] {gcs_to_bigquery.py:380} INFO - Using existing BigQuery table for storing data...
[2024-11-12T07:44:50.268+0000] {gcs_to_bigquery.py:384} INFO - Executing: {'load': {'autodetect': True, 'createDisposition': 'CREATE_IF_NEEDED', 'destinationTable': {'projectId': 'golden-centaur-440309-a9', 'datasetId': 'raw', 'tableId': 'sales'}, 'sourceFormat': 'CSV', 'sourceUris': ['gs://ghif_portfolio/sales_data_example.csv'], 'writeDisposition': 'WRITE_TRUNCATE', 'ignoreUnknownValues': False, 'skipLeadingRows': None, 'fieldDelimiter': ',', 'quote': None, 'allowQuotedNewlines': False, 'encoding': 'UTF-8'}}
[2024-11-12T07:44:50.269+0000] {bigquery.py:1660} INFO - Inserting job airflow_gcs_to_bq_gcs_to_bq_2024_11_12T07_39_41_875326_00_00_064283161e6b6f10f0e855ed31157234
[2024-11-12T07:44:53.095+0000] {taskinstance.py:441} INFO - ::group::Post task execution logs
[2024-11-12T07:44:53.099+0000] {taskinstance.py:1206} INFO - Marking task as SUCCESS. dag_id=gcs_to_bq, task_id=gcs_to_bq, run_id=manual__2024-11-12T07:39:41.875326+00:00, execution_date=20241112T073941, start_date=20241112T074450, end_date=20241112T074453
[2024-11-12T07:44:53.141+0000] {local_task_job_runner.py:240} INFO - Task exited with return code 0
[2024-11-12T07:44:53.155+0000] {taskinstance.py:3503} INFO - 0 downstream tasks scheduled from follow-on schedule check
[2024-11-12T07:44:53.156+0000] {local_task_job_runner.py:222} INFO - ::endgroup::
