[2024-10-31T09:49:20.808+0000] {processor.py:161} INFO - Started process (PID=1379) to work on /home/ghifariyadi_muhammad/airflow/dags/first.py
[2024-10-31T09:49:20.809+0000] {processor.py:830} INFO - Processing file /home/ghifariyadi_muhammad/airflow/dags/first.py for tasks to queue
[2024-10-31T09:49:20.818+0000] {logging_mixin.py:188} INFO - [2024-10-31T09:49:20.818+0000] {dagbag.py:545} INFO - Filling up the DagBag from /home/ghifariyadi_muhammad/airflow/dags/first.py
[2024-10-31T09:49:20.832+0000] {processor.py:840} INFO - DAG(s) 'simple_dag' retrieved from /home/ghifariyadi_muhammad/airflow/dags/first.py
[2024-10-31T09:49:20.967+0000] {logging_mixin.py:188} INFO - [2024-10-31T09:49:20.966+0000] {override.py:1829} INFO - Created Permission View: can delete on DAG:simple_dag
[2024-10-31T09:49:20.981+0000] {logging_mixin.py:188} INFO - [2024-10-31T09:49:20.980+0000] {override.py:1829} INFO - Created Permission View: can read on DAG:simple_dag
[2024-10-31T09:49:20.991+0000] {logging_mixin.py:188} INFO - [2024-10-31T09:49:20.991+0000] {override.py:1829} INFO - Created Permission View: can edit on DAG:simple_dag
[2024-10-31T09:49:20.992+0000] {logging_mixin.py:188} INFO - [2024-10-31T09:49:20.992+0000] {dag.py:3096} INFO - Sync 1 DAGs
[2024-10-31T09:49:21.003+0000] {logging_mixin.py:188} INFO - [2024-10-31T09:49:21.002+0000] {dag.py:3118} INFO - Creating ORM DAG for simple_dag
[2024-10-31T09:49:21.017+0000] {logging_mixin.py:188} INFO - [2024-10-31T09:49:21.016+0000] {dag.py:3954} INFO - Setting next_dagrun for simple_dag to 2024-11-01 00:00:00+00:00, run_after=2024-11-02 00:00:00+00:00
[2024-10-31T09:49:21.041+0000] {processor.py:183} INFO - Processing /home/ghifariyadi_muhammad/airflow/dags/first.py took 0.241 seconds
[2024-10-31T09:49:52.053+0000] {processor.py:161} INFO - Started process (PID=1397) to work on /home/ghifariyadi_muhammad/airflow/dags/first.py
[2024-10-31T09:49:52.054+0000] {processor.py:830} INFO - Processing file /home/ghifariyadi_muhammad/airflow/dags/first.py for tasks to queue
[2024-10-31T09:49:52.057+0000] {logging_mixin.py:188} INFO - [2024-10-31T09:49:52.056+0000] {dagbag.py:545} INFO - Filling up the DagBag from /home/ghifariyadi_muhammad/airflow/dags/first.py
[2024-10-31T09:49:52.074+0000] {processor.py:840} INFO - DAG(s) 'simple_dag' retrieved from /home/ghifariyadi_muhammad/airflow/dags/first.py
[2024-10-31T09:49:52.101+0000] {logging_mixin.py:188} INFO - [2024-10-31T09:49:52.101+0000] {dag.py:3096} INFO - Sync 1 DAGs
[2024-10-31T09:49:52.124+0000] {logging_mixin.py:188} INFO - [2024-10-31T09:49:52.123+0000] {dag.py:3954} INFO - Setting next_dagrun for simple_dag to 2024-11-01 00:00:00+00:00, run_after=2024-11-02 00:00:00+00:00
[2024-10-31T09:49:52.149+0000] {processor.py:183} INFO - Processing /home/ghifariyadi_muhammad/airflow/dags/first.py took 0.104 seconds
[2024-10-31T09:50:22.344+0000] {processor.py:161} INFO - Started process (PID=1399) to work on /home/ghifariyadi_muhammad/airflow/dags/first.py
[2024-10-31T09:50:22.349+0000] {processor.py:830} INFO - Processing file /home/ghifariyadi_muhammad/airflow/dags/first.py for tasks to queue
[2024-10-31T09:50:22.353+0000] {logging_mixin.py:188} INFO - [2024-10-31T09:50:22.353+0000] {dagbag.py:545} INFO - Filling up the DagBag from /home/ghifariyadi_muhammad/airflow/dags/first.py
[2024-10-31T09:50:22.374+0000] {processor.py:840} INFO - DAG(s) 'simple_dag' retrieved from /home/ghifariyadi_muhammad/airflow/dags/first.py
[2024-10-31T09:50:22.410+0000] {logging_mixin.py:188} INFO - [2024-10-31T09:50:22.409+0000] {dag.py:3096} INFO - Sync 1 DAGs
[2024-10-31T09:50:22.437+0000] {logging_mixin.py:188} INFO - [2024-10-31T09:50:22.437+0000] {dag.py:3954} INFO - Setting next_dagrun for simple_dag to 2024-11-01 00:00:00+00:00, run_after=2024-11-02 00:00:00+00:00
[2024-10-31T09:50:22.466+0000] {processor.py:183} INFO - Processing /home/ghifariyadi_muhammad/airflow/dags/first.py took 0.134 seconds
[2024-10-31T09:50:52.600+0000] {processor.py:161} INFO - Started process (PID=1407) to work on /home/ghifariyadi_muhammad/airflow/dags/first.py
[2024-10-31T09:50:52.603+0000] {processor.py:830} INFO - Processing file /home/ghifariyadi_muhammad/airflow/dags/first.py for tasks to queue
[2024-10-31T09:50:52.606+0000] {logging_mixin.py:188} INFO - [2024-10-31T09:50:52.605+0000] {dagbag.py:545} INFO - Filling up the DagBag from /home/ghifariyadi_muhammad/airflow/dags/first.py
[2024-10-31T09:50:52.623+0000] {processor.py:840} INFO - DAG(s) 'simple_dag' retrieved from /home/ghifariyadi_muhammad/airflow/dags/first.py
[2024-10-31T09:50:52.652+0000] {logging_mixin.py:188} INFO - [2024-10-31T09:50:52.651+0000] {dag.py:3096} INFO - Sync 1 DAGs
[2024-10-31T09:50:52.674+0000] {logging_mixin.py:188} INFO - [2024-10-31T09:50:52.674+0000] {dag.py:3954} INFO - Setting next_dagrun for simple_dag to 2024-11-01 00:00:00+00:00, run_after=2024-11-02 00:00:00+00:00
[2024-10-31T09:50:52.699+0000] {processor.py:183} INFO - Processing /home/ghifariyadi_muhammad/airflow/dags/first.py took 0.108 seconds
[2024-10-31T09:51:22.857+0000] {processor.py:161} INFO - Started process (PID=1414) to work on /home/ghifariyadi_muhammad/airflow/dags/first.py
[2024-10-31T09:51:22.862+0000] {processor.py:830} INFO - Processing file /home/ghifariyadi_muhammad/airflow/dags/first.py for tasks to queue
[2024-10-31T09:51:22.865+0000] {logging_mixin.py:188} INFO - [2024-10-31T09:51:22.865+0000] {dagbag.py:545} INFO - Filling up the DagBag from /home/ghifariyadi_muhammad/airflow/dags/first.py
[2024-10-31T09:51:22.883+0000] {processor.py:840} INFO - DAG(s) 'simple_dag' retrieved from /home/ghifariyadi_muhammad/airflow/dags/first.py
[2024-10-31T09:51:22.914+0000] {logging_mixin.py:188} INFO - [2024-10-31T09:51:22.913+0000] {dag.py:3096} INFO - Sync 1 DAGs
[2024-10-31T09:51:22.942+0000] {logging_mixin.py:188} INFO - [2024-10-31T09:51:22.942+0000] {dag.py:3954} INFO - Setting next_dagrun for simple_dag to 2024-11-01 00:00:00+00:00, run_after=2024-11-02 00:00:00+00:00
[2024-10-31T09:51:22.970+0000] {processor.py:183} INFO - Processing /home/ghifariyadi_muhammad/airflow/dags/first.py took 0.122 seconds
[2024-10-31T09:51:37.437+0000] {processor.py:161} INFO - Started process (PID=1425) to work on /home/ghifariyadi_muhammad/airflow/dags/first.py
[2024-10-31T09:51:37.441+0000] {processor.py:830} INFO - Processing file /home/ghifariyadi_muhammad/airflow/dags/first.py for tasks to queue
[2024-10-31T09:51:37.452+0000] {logging_mixin.py:188} INFO - [2024-10-31T09:51:37.451+0000] {dagbag.py:545} INFO - Filling up the DagBag from /home/ghifariyadi_muhammad/airflow/dags/first.py
[2024-10-31T09:51:37.471+0000] {processor.py:840} INFO - DAG(s) 'simple_dag' retrieved from /home/ghifariyadi_muhammad/airflow/dags/first.py
[2024-10-31T09:51:37.507+0000] {logging_mixin.py:188} INFO - [2024-10-31T09:51:37.507+0000] {dag.py:3096} INFO - Sync 1 DAGs
[2024-10-31T09:51:37.541+0000] {logging_mixin.py:188} INFO - [2024-10-31T09:51:37.541+0000] {dag.py:3954} INFO - Setting next_dagrun for simple_dag to 2024-11-01 00:00:00+00:00, run_after=2024-11-02 00:00:00+00:00
[2024-10-31T09:51:37.573+0000] {processor.py:183} INFO - Processing /home/ghifariyadi_muhammad/airflow/dags/first.py took 0.145 seconds
[2024-10-31T09:52:08.670+0000] {processor.py:161} INFO - Started process (PID=1438) to work on /home/ghifariyadi_muhammad/airflow/dags/first.py
[2024-10-31T09:52:08.673+0000] {processor.py:830} INFO - Processing file /home/ghifariyadi_muhammad/airflow/dags/first.py for tasks to queue
[2024-10-31T09:52:08.676+0000] {logging_mixin.py:188} INFO - [2024-10-31T09:52:08.675+0000] {dagbag.py:545} INFO - Filling up the DagBag from /home/ghifariyadi_muhammad/airflow/dags/first.py
[2024-10-31T09:52:08.690+0000] {processor.py:840} INFO - DAG(s) 'simple_dag' retrieved from /home/ghifariyadi_muhammad/airflow/dags/first.py
[2024-10-31T09:52:08.716+0000] {logging_mixin.py:188} INFO - [2024-10-31T09:52:08.716+0000] {dag.py:3096} INFO - Sync 1 DAGs
[2024-10-31T09:52:08.738+0000] {logging_mixin.py:188} INFO - [2024-10-31T09:52:08.738+0000] {dag.py:3954} INFO - Setting next_dagrun for simple_dag to 2024-11-01 00:00:00+00:00, run_after=2024-11-02 00:00:00+00:00
[2024-10-31T09:52:08.762+0000] {processor.py:183} INFO - Processing /home/ghifariyadi_muhammad/airflow/dags/first.py took 0.100 seconds
[2024-10-31T09:52:38.940+0000] {processor.py:161} INFO - Started process (PID=1447) to work on /home/ghifariyadi_muhammad/airflow/dags/first.py
[2024-10-31T09:52:38.944+0000] {processor.py:830} INFO - Processing file /home/ghifariyadi_muhammad/airflow/dags/first.py for tasks to queue
[2024-10-31T09:52:38.947+0000] {logging_mixin.py:188} INFO - [2024-10-31T09:52:38.947+0000] {dagbag.py:545} INFO - Filling up the DagBag from /home/ghifariyadi_muhammad/airflow/dags/first.py
[2024-10-31T09:52:38.963+0000] {processor.py:840} INFO - DAG(s) 'simple_dag' retrieved from /home/ghifariyadi_muhammad/airflow/dags/first.py
[2024-10-31T09:52:38.989+0000] {logging_mixin.py:188} INFO - [2024-10-31T09:52:38.989+0000] {dag.py:3096} INFO - Sync 1 DAGs
[2024-10-31T09:52:39.012+0000] {logging_mixin.py:188} INFO - [2024-10-31T09:52:39.011+0000] {dag.py:3954} INFO - Setting next_dagrun for simple_dag to 2024-11-01 00:00:00+00:00, run_after=2024-11-02 00:00:00+00:00
[2024-10-31T09:52:39.037+0000] {processor.py:183} INFO - Processing /home/ghifariyadi_muhammad/airflow/dags/first.py took 0.106 seconds
[2024-10-31T09:53:09.206+0000] {processor.py:161} INFO - Started process (PID=1455) to work on /home/ghifariyadi_muhammad/airflow/dags/first.py
[2024-10-31T09:53:09.207+0000] {processor.py:830} INFO - Processing file /home/ghifariyadi_muhammad/airflow/dags/first.py for tasks to queue
[2024-10-31T09:53:09.210+0000] {logging_mixin.py:188} INFO - [2024-10-31T09:53:09.209+0000] {dagbag.py:545} INFO - Filling up the DagBag from /home/ghifariyadi_muhammad/airflow/dags/first.py
[2024-10-31T09:53:09.229+0000] {processor.py:840} INFO - DAG(s) 'simple_dag' retrieved from /home/ghifariyadi_muhammad/airflow/dags/first.py
[2024-10-31T09:53:09.260+0000] {logging_mixin.py:188} INFO - [2024-10-31T09:53:09.260+0000] {dag.py:3096} INFO - Sync 1 DAGs
[2024-10-31T09:53:09.292+0000] {logging_mixin.py:188} INFO - [2024-10-31T09:53:09.292+0000] {dag.py:3954} INFO - Setting next_dagrun for simple_dag to 2024-11-01 00:00:00+00:00, run_after=2024-11-02 00:00:00+00:00
[2024-10-31T09:53:09.323+0000] {processor.py:183} INFO - Processing /home/ghifariyadi_muhammad/airflow/dags/first.py took 0.128 seconds
[2024-10-31T09:53:39.473+0000] {processor.py:161} INFO - Started process (PID=1462) to work on /home/ghifariyadi_muhammad/airflow/dags/first.py
[2024-10-31T09:53:39.476+0000] {processor.py:830} INFO - Processing file /home/ghifariyadi_muhammad/airflow/dags/first.py for tasks to queue
[2024-10-31T09:53:39.479+0000] {logging_mixin.py:188} INFO - [2024-10-31T09:53:39.479+0000] {dagbag.py:545} INFO - Filling up the DagBag from /home/ghifariyadi_muhammad/airflow/dags/first.py
[2024-10-31T09:53:39.494+0000] {processor.py:840} INFO - DAG(s) 'simple_dag' retrieved from /home/ghifariyadi_muhammad/airflow/dags/first.py
[2024-10-31T09:53:39.523+0000] {logging_mixin.py:188} INFO - [2024-10-31T09:53:39.523+0000] {dag.py:3096} INFO - Sync 1 DAGs
[2024-10-31T09:53:39.547+0000] {logging_mixin.py:188} INFO - [2024-10-31T09:53:39.547+0000] {dag.py:3954} INFO - Setting next_dagrun for simple_dag to 2024-11-01 00:00:00+00:00, run_after=2024-11-02 00:00:00+00:00
[2024-10-31T09:53:39.569+0000] {processor.py:183} INFO - Processing /home/ghifariyadi_muhammad/airflow/dags/first.py took 0.105 seconds
[2024-10-31T09:54:09.770+0000] {processor.py:161} INFO - Started process (PID=1472) to work on /home/ghifariyadi_muhammad/airflow/dags/first.py
[2024-10-31T09:54:09.777+0000] {processor.py:830} INFO - Processing file /home/ghifariyadi_muhammad/airflow/dags/first.py for tasks to queue
[2024-10-31T09:54:09.781+0000] {logging_mixin.py:188} INFO - [2024-10-31T09:54:09.780+0000] {dagbag.py:545} INFO - Filling up the DagBag from /home/ghifariyadi_muhammad/airflow/dags/first.py
[2024-10-31T09:54:09.818+0000] {processor.py:840} INFO - DAG(s) 'simple_dag' retrieved from /home/ghifariyadi_muhammad/airflow/dags/first.py
[2024-10-31T09:54:09.883+0000] {logging_mixin.py:188} INFO - [2024-10-31T09:54:09.883+0000] {dag.py:3096} INFO - Sync 1 DAGs
[2024-10-31T09:54:09.928+0000] {logging_mixin.py:188} INFO - [2024-10-31T09:54:09.927+0000] {dag.py:3954} INFO - Setting next_dagrun for simple_dag to 2024-11-01 00:00:00+00:00, run_after=2024-11-02 00:00:00+00:00
[2024-10-31T09:54:09.973+0000] {processor.py:183} INFO - Processing /home/ghifariyadi_muhammad/airflow/dags/first.py took 0.223 seconds
