[0m08:18:47.939453 [debug] [MainThread]: Sending event: {'category': 'dbt', 'action': 'invocation', 'label': 'start', 'context': [<snowplow_tracker.self_describing_json.SelfDescribingJson object at 0x7f9a2ad71190>, <snowplow_tracker.self_describing_json.SelfDescribingJson object at 0x7f9a2ad54510>, <snowplow_tracker.self_describing_json.SelfDescribingJson object at 0x7f9a2aee94d0>]}


============================== 08:18:47.942877 | 2181dd49-3f1e-4ad4-8a29-3ee5a26739fe ==============================
[0m08:18:47.942877 [info ] [MainThread]: Running with dbt=1.8.8
[0m08:18:47.943674 [debug] [MainThread]: running dbt with arguments {'printer_width': '80', 'indirect_selection': 'eager', 'write_json': 'True', 'log_cache_events': 'False', 'partial_parse': 'True', 'cache_selected_only': 'False', 'warn_error': 'None', 'fail_fast': 'False', 'profiles_dir': '/home/ghifariyadi_muhammad/.dbt', 'log_path': 'logs', 'debug': 'False', 'version_check': 'True', 'use_colors': 'True', 'use_experimental_parser': 'False', 'empty': 'None', 'quiet': 'False', 'no_print': 'None', 'log_format': 'default', 'introspect': 'True', 'warn_error_options': 'WarnErrorOptions(include=[], exclude=[])', 'static_parser': 'True', 'target_path': 'None', 'invocation_command': 'dbt init my_dbt_project', 'send_anonymous_usage_stats': 'True'}
[0m08:18:47.952218 [warn ] [MainThread]: [ConfigFolderDirectory]: Unable to parse dict {'dir': PosixPath('/home/ghifariyadi_muhammad/.dbt')}
[0m08:18:47.952863 [info ] [MainThread]: Creating dbt configuration folder at 
[0m08:18:47.954317 [debug] [MainThread]: Starter project path: /home/ghifariyadi_muhammad/.venv/lib/python3.11/site-packages/dbt/include/starter_project
[0m08:18:47.956879 [info ] [MainThread]: 
Your new dbt project "my_dbt_project" was created!

For more information on how to configure the profiles.yml file,
please consult the dbt documentation here:

  https://docs.getdbt.com/docs/configure-your-profile

One more thing:

Need help? Don't hesitate to reach out to us via GitHub issues or on Slack:

  https://community.getdbt.com/

Happy modeling!

[0m08:18:47.957401 [info ] [MainThread]: Setting up your profile.
[0m08:20:08.315818 [info ] [MainThread]: Profile my_dbt_project written to /home/ghifariyadi_muhammad/.dbt/profiles.yml using target's profile_template.yml and your supplied values. Run 'dbt debug' to validate the connection.
[0m08:20:08.317315 [debug] [MainThread]: Resource report: {"command_name": "init", "command_success": true, "command_wall_clock_time": 80.43449, "process_user_time": 2.390187, "process_kernel_time": 0.345361, "process_mem_max_rss": "220864", "process_in_blocks": "10296", "process_out_blocks": "80"}
[0m08:20:08.318029 [debug] [MainThread]: Command `dbt init` succeeded at 08:20:08.317881 after 80.44 seconds
[0m08:20:08.318493 [debug] [MainThread]: Sending event: {'category': 'dbt', 'action': 'invocation', 'label': 'end', 'context': [<snowplow_tracker.self_describing_json.SelfDescribingJson object at 0x7f9a2aee98d0>, <snowplow_tracker.self_describing_json.SelfDescribingJson object at 0x7f9a2ad1d950>, <snowplow_tracker.self_describing_json.SelfDescribingJson object at 0x7f9a2e7904d0>]}
[0m08:20:08.318980 [debug] [MainThread]: Flushing usage events
