[2024-11-17T08:49:12.281+0000] {local_task_job_runner.py:120} INFO - ::group::Pre task execution logs
[2024-11-17T08:49:12.294+0000] {taskinstance.py:2076} INFO - Dependencies all met for dep_context=non-requeueable deps ti=<TaskInstance: gcs_to_bq.dbt_run manual__2024-11-17T08:48:45.709715+00:00 [queued]>
[2024-11-17T08:49:12.302+0000] {taskinstance.py:2076} INFO - Dependencies all met for dep_context=requeueable deps ti=<TaskInstance: gcs_to_bq.dbt_run manual__2024-11-17T08:48:45.709715+00:00 [queued]>
[2024-11-17T08:49:12.302+0000] {taskinstance.py:2306} INFO - Starting attempt 1 of 1
[2024-11-17T08:49:12.317+0000] {taskinstance.py:2330} INFO - Executing <Task(BashOperator): dbt_run> on 2024-11-17 08:48:45.709715+00:00
[2024-11-17T08:49:12.322+0000] {standard_task_runner.py:63} INFO - Started process 2421 to run task
[2024-11-17T08:49:12.327+0000] {standard_task_runner.py:90} INFO - Running: ['airflow', 'tasks', 'run', 'gcs_to_bq', 'dbt_run', 'manual__2024-11-17T08:48:45.709715+00:00', '--job-id', '43', '--raw', '--subdir', 'DAGS_FOLDER/first.py', '--cfg-path', '/tmp/tmp9zklh6wv']
[2024-11-17T08:49:12.330+0000] {standard_task_runner.py:91} INFO - Job 43: Subtask dbt_run
[2024-11-17T08:49:12.371+0000] {task_command.py:426} INFO - Running <TaskInstance: gcs_to_bq.dbt_run manual__2024-11-17T08:48:45.709715+00:00 [running]> on host portfolio.us-central1-c.c.golden-centaur-440309-a9.internal
[2024-11-17T08:49:12.440+0000] {taskinstance.py:2648} INFO - Exporting env vars: AIRFLOW_CTX_DAG_OWNER='airflow' AIRFLOW_CTX_DAG_ID='gcs_to_bq' AIRFLOW_CTX_TASK_ID='dbt_run' AIRFLOW_CTX_EXECUTION_DATE='2024-11-17T08:48:45.709715+00:00' AIRFLOW_CTX_TRY_NUMBER='1' AIRFLOW_CTX_DAG_RUN_ID='manual__2024-11-17T08:48:45.709715+00:00'
[2024-11-17T08:49:12.442+0000] {taskinstance.py:430} INFO - ::endgroup::
[2024-11-17T08:49:12.455+0000] {subprocess.py:63} INFO - Tmp dir root location: /tmp
[2024-11-17T08:49:12.455+0000] {subprocess.py:75} INFO - Running command: ['/usr/bin/bash', '-c', 'cd /home/ghifariyadi_muhammad/my_dbt_project && dbt run']
[2024-11-17T08:49:12.466+0000] {subprocess.py:86} INFO - Output:
[2024-11-17T08:49:14.124+0000] {subprocess.py:93} INFO - [0m08:49:14  Running with dbt=1.8.8
[2024-11-17T08:49:15.471+0000] {subprocess.py:93} INFO - [0m08:49:15  Registered adapter: bigquery=1.8.3
[2024-11-17T08:49:15.734+0000] {subprocess.py:93} INFO - [0m08:49:15  [[33mWARNING[0m]: Did not find matching node for patch with name 'my_second_dbt_model' in the 'models' section of file 'models/example/schema.yml'
[2024-11-17T08:49:15.861+0000] {subprocess.py:93} INFO - [0m08:49:15  [[33mWARNING[0m]: Test 'test.my_dbt_project.unique_my_second_dbt_model_id.57a0f8c493' (models/example/schema.yml) depends on a node named 'my_second_dbt_model' in package '' which was not found
[2024-11-17T08:49:15.862+0000] {subprocess.py:93} INFO - [0m08:49:15  [[33mWARNING[0m]: Test 'test.my_dbt_project.not_null_my_second_dbt_model_id.151b76d778' (models/example/schema.yml) depends on a node named 'my_second_dbt_model' in package '' which was not found
[2024-11-17T08:49:16.051+0000] {subprocess.py:93} INFO - [0m08:49:16  Found 1 model, 2 data tests, 479 macros
[2024-11-17T08:49:16.054+0000] {subprocess.py:93} INFO - [0m08:49:16
[2024-11-17T08:49:16.625+0000] {subprocess.py:93} INFO - [0m08:49:16  Concurrency: 1 threads (target='dev')
[2024-11-17T08:49:16.626+0000] {subprocess.py:93} INFO - [0m08:49:16
[2024-11-17T08:49:16.630+0000] {subprocess.py:93} INFO - [0m08:49:16  1 of 1 START sql table model raw.nov_campaign .................................. [RUN]
[2024-11-17T08:49:19.365+0000] {subprocess.py:93} INFO - [0m08:49:19  1 of 1 OK created sql table model raw.nov_campaign ............................. [[32mCREATE TABLE (1.0 rows, 41.0 Bytes processed)[0m in 2.73s]
[2024-11-17T08:49:19.368+0000] {subprocess.py:93} INFO - [0m08:49:19
[2024-11-17T08:49:19.369+0000] {subprocess.py:93} INFO - [0m08:49:19  Finished running 1 table model in 0 hours 0 minutes and 3.31 seconds (3.31s).
[2024-11-17T08:49:19.408+0000] {subprocess.py:93} INFO - [0m08:49:19
[2024-11-17T08:49:19.409+0000] {subprocess.py:93} INFO - [0m08:49:19  [32mCompleted successfully[0m
[2024-11-17T08:49:19.409+0000] {subprocess.py:93} INFO - [0m08:49:19
[2024-11-17T08:49:19.410+0000] {subprocess.py:93} INFO - [0m08:49:19  Done. PASS=1 WARN=0 ERROR=0 SKIP=0 TOTAL=1
[2024-11-17T08:49:20.183+0000] {subprocess.py:97} INFO - Command exited with return code 0
[2024-11-17T08:49:20.184+0000] {taskinstance.py:441} INFO - ::group::Post task execution logs
[2024-11-17T08:49:20.206+0000] {taskinstance.py:1206} INFO - Marking task as SUCCESS. dag_id=gcs_to_bq, task_id=dbt_run, run_id=manual__2024-11-17T08:48:45.709715+00:00, execution_date=20241117T084845, start_date=20241117T084912, end_date=20241117T084920
[2024-11-17T08:49:20.256+0000] {local_task_job_runner.py:240} INFO - Task exited with return code 0
[2024-11-17T08:49:20.270+0000] {taskinstance.py:3503} INFO - 0 downstream tasks scheduled from follow-on schedule check
[2024-11-17T08:49:20.271+0000] {local_task_job_runner.py:222} INFO - ::endgroup::
