[2024-11-17T08:05:46.095+0000] {processor.py:161} INFO - Started process (PID=910) to work on /home/ghifariyadi_muhammad/airflow/dags/first.py
[2024-11-17T08:05:46.097+0000] {processor.py:830} INFO - Processing file /home/ghifariyadi_muhammad/airflow/dags/first.py for tasks to queue
[2024-11-17T08:05:46.100+0000] {logging_mixin.py:188} INFO - [2024-11-17T08:05:46.099+0000] {dagbag.py:545} INFO - Filling up the DagBag from /home/ghifariyadi_muhammad/airflow/dags/first.py
[2024-11-17T08:05:46.119+0000] {logging_mixin.py:188} INFO - [2024-11-17T08:05:46.113+0000] {dagbag.py:355} ERROR - Failed to import: /home/ghifariyadi_muhammad/airflow/dags/first.py
Traceback (most recent call last):
  File "/home/ghifariyadi_muhammad/.venv/lib/python3.11/site-packages/airflow/models/dagbag.py", line 351, in parse
    loader.exec_module(new_module)
  File "<frozen importlib._bootstrap_external>", line 940, in exec_module
  File "<frozen importlib._bootstrap>", line 241, in _call_with_frames_removed
  File "/home/ghifariyadi_muhammad/airflow/dags/first.py", line 65, in <module>
    product > transactions > user
  File "/home/ghifariyadi_muhammad/.venv/lib/python3.11/site-packages/airflow/models/baseoperator.py", line 1114, in __gt__
    raise TypeError(f"Left hand side ({obj}) is not an outlet")
TypeError: Left hand side (<Task(GCSToBigQueryOperator): transactions>) is not an outlet
[2024-11-17T08:05:46.120+0000] {processor.py:842} WARNING - No viable dags retrieved from /home/ghifariyadi_muhammad/airflow/dags/first.py
[2024-11-17T08:05:46.149+0000] {processor.py:183} INFO - Processing /home/ghifariyadi_muhammad/airflow/dags/first.py took 0.063 seconds
[2024-11-17T08:06:16.505+0000] {processor.py:161} INFO - Started process (PID=955) to work on /home/ghifariyadi_muhammad/airflow/dags/first.py
[2024-11-17T08:06:16.513+0000] {processor.py:830} INFO - Processing file /home/ghifariyadi_muhammad/airflow/dags/first.py for tasks to queue
[2024-11-17T08:06:16.516+0000] {logging_mixin.py:188} INFO - [2024-11-17T08:06:16.515+0000] {dagbag.py:545} INFO - Filling up the DagBag from /home/ghifariyadi_muhammad/airflow/dags/first.py
[2024-11-17T08:06:16.529+0000] {logging_mixin.py:188} INFO - [2024-11-17T08:06:16.527+0000] {dagbag.py:355} ERROR - Failed to import: /home/ghifariyadi_muhammad/airflow/dags/first.py
Traceback (most recent call last):
  File "/home/ghifariyadi_muhammad/.venv/lib/python3.11/site-packages/airflow/models/dagbag.py", line 351, in parse
    loader.exec_module(new_module)
  File "<frozen importlib._bootstrap_external>", line 940, in exec_module
  File "<frozen importlib._bootstrap>", line 241, in _call_with_frames_removed
  File "/home/ghifariyadi_muhammad/airflow/dags/first.py", line 65, in <module>
    product > transactions > user
  File "/home/ghifariyadi_muhammad/.venv/lib/python3.11/site-packages/airflow/models/baseoperator.py", line 1114, in __gt__
    raise TypeError(f"Left hand side ({obj}) is not an outlet")
TypeError: Left hand side (<Task(GCSToBigQueryOperator): transactions>) is not an outlet
[2024-11-17T08:06:16.529+0000] {processor.py:842} WARNING - No viable dags retrieved from /home/ghifariyadi_muhammad/airflow/dags/first.py
[2024-11-17T08:06:16.553+0000] {processor.py:183} INFO - Processing /home/ghifariyadi_muhammad/airflow/dags/first.py took 0.056 seconds
[2024-11-17T08:06:46.767+0000] {processor.py:161} INFO - Started process (PID=967) to work on /home/ghifariyadi_muhammad/airflow/dags/first.py
[2024-11-17T08:06:46.768+0000] {processor.py:830} INFO - Processing file /home/ghifariyadi_muhammad/airflow/dags/first.py for tasks to queue
[2024-11-17T08:06:46.769+0000] {logging_mixin.py:188} INFO - [2024-11-17T08:06:46.768+0000] {dagbag.py:545} INFO - Filling up the DagBag from /home/ghifariyadi_muhammad/airflow/dags/first.py
[2024-11-17T08:06:46.783+0000] {logging_mixin.py:188} INFO - [2024-11-17T08:06:46.781+0000] {dagbag.py:355} ERROR - Failed to import: /home/ghifariyadi_muhammad/airflow/dags/first.py
Traceback (most recent call last):
  File "/home/ghifariyadi_muhammad/.venv/lib/python3.11/site-packages/airflow/models/dagbag.py", line 351, in parse
    loader.exec_module(new_module)
  File "<frozen importlib._bootstrap_external>", line 940, in exec_module
  File "<frozen importlib._bootstrap>", line 241, in _call_with_frames_removed
  File "/home/ghifariyadi_muhammad/airflow/dags/first.py", line 65, in <module>
    product > transactions > user
  File "/home/ghifariyadi_muhammad/.venv/lib/python3.11/site-packages/airflow/models/baseoperator.py", line 1114, in __gt__
    raise TypeError(f"Left hand side ({obj}) is not an outlet")
TypeError: Left hand side (<Task(GCSToBigQueryOperator): transactions>) is not an outlet
[2024-11-17T08:06:46.784+0000] {processor.py:842} WARNING - No viable dags retrieved from /home/ghifariyadi_muhammad/airflow/dags/first.py
[2024-11-17T08:06:46.810+0000] {processor.py:183} INFO - Processing /home/ghifariyadi_muhammad/airflow/dags/first.py took 0.052 seconds
[2024-11-17T08:07:17.147+0000] {processor.py:161} INFO - Started process (PID=968) to work on /home/ghifariyadi_muhammad/airflow/dags/first.py
[2024-11-17T08:07:17.157+0000] {processor.py:830} INFO - Processing file /home/ghifariyadi_muhammad/airflow/dags/first.py for tasks to queue
[2024-11-17T08:07:17.158+0000] {logging_mixin.py:188} INFO - [2024-11-17T08:07:17.158+0000] {dagbag.py:545} INFO - Filling up the DagBag from /home/ghifariyadi_muhammad/airflow/dags/first.py
[2024-11-17T08:07:17.171+0000] {logging_mixin.py:188} INFO - [2024-11-17T08:07:17.169+0000] {dagbag.py:355} ERROR - Failed to import: /home/ghifariyadi_muhammad/airflow/dags/first.py
Traceback (most recent call last):
  File "/home/ghifariyadi_muhammad/.venv/lib/python3.11/site-packages/airflow/models/dagbag.py", line 351, in parse
    loader.exec_module(new_module)
  File "<frozen importlib._bootstrap_external>", line 940, in exec_module
  File "<frozen importlib._bootstrap>", line 241, in _call_with_frames_removed
  File "/home/ghifariyadi_muhammad/airflow/dags/first.py", line 65, in <module>
    product > transactions > user
  File "/home/ghifariyadi_muhammad/.venv/lib/python3.11/site-packages/airflow/models/baseoperator.py", line 1114, in __gt__
    raise TypeError(f"Left hand side ({obj}) is not an outlet")
TypeError: Left hand side (<Task(GCSToBigQueryOperator): transactions>) is not an outlet
[2024-11-17T08:07:17.171+0000] {processor.py:842} WARNING - No viable dags retrieved from /home/ghifariyadi_muhammad/airflow/dags/first.py
[2024-11-17T08:07:17.192+0000] {processor.py:183} INFO - Processing /home/ghifariyadi_muhammad/airflow/dags/first.py took 0.057 seconds
[2024-11-17T08:07:47.415+0000] {processor.py:161} INFO - Started process (PID=971) to work on /home/ghifariyadi_muhammad/airflow/dags/first.py
[2024-11-17T08:07:47.416+0000] {processor.py:830} INFO - Processing file /home/ghifariyadi_muhammad/airflow/dags/first.py for tasks to queue
[2024-11-17T08:07:47.417+0000] {logging_mixin.py:188} INFO - [2024-11-17T08:07:47.416+0000] {dagbag.py:545} INFO - Filling up the DagBag from /home/ghifariyadi_muhammad/airflow/dags/first.py
[2024-11-17T08:07:47.431+0000] {logging_mixin.py:188} INFO - [2024-11-17T08:07:47.429+0000] {dagbag.py:355} ERROR - Failed to import: /home/ghifariyadi_muhammad/airflow/dags/first.py
Traceback (most recent call last):
  File "/home/ghifariyadi_muhammad/.venv/lib/python3.11/site-packages/airflow/models/dagbag.py", line 351, in parse
    loader.exec_module(new_module)
  File "<frozen importlib._bootstrap_external>", line 940, in exec_module
  File "<frozen importlib._bootstrap>", line 241, in _call_with_frames_removed
  File "/home/ghifariyadi_muhammad/airflow/dags/first.py", line 65, in <module>
    product > transactions > user
  File "/home/ghifariyadi_muhammad/.venv/lib/python3.11/site-packages/airflow/models/baseoperator.py", line 1114, in __gt__
    raise TypeError(f"Left hand side ({obj}) is not an outlet")
TypeError: Left hand side (<Task(GCSToBigQueryOperator): transactions>) is not an outlet
[2024-11-17T08:07:47.432+0000] {processor.py:842} WARNING - No viable dags retrieved from /home/ghifariyadi_muhammad/airflow/dags/first.py
[2024-11-17T08:07:47.454+0000] {processor.py:183} INFO - Processing /home/ghifariyadi_muhammad/airflow/dags/first.py took 0.047 seconds
[2024-11-17T08:08:17.652+0000] {processor.py:161} INFO - Started process (PID=973) to work on /home/ghifariyadi_muhammad/airflow/dags/first.py
[2024-11-17T08:08:17.656+0000] {processor.py:830} INFO - Processing file /home/ghifariyadi_muhammad/airflow/dags/first.py for tasks to queue
[2024-11-17T08:08:17.657+0000] {logging_mixin.py:188} INFO - [2024-11-17T08:08:17.657+0000] {dagbag.py:545} INFO - Filling up the DagBag from /home/ghifariyadi_muhammad/airflow/dags/first.py
[2024-11-17T08:08:17.672+0000] {logging_mixin.py:188} INFO - [2024-11-17T08:08:17.670+0000] {dagbag.py:355} ERROR - Failed to import: /home/ghifariyadi_muhammad/airflow/dags/first.py
Traceback (most recent call last):
  File "/home/ghifariyadi_muhammad/.venv/lib/python3.11/site-packages/airflow/models/dagbag.py", line 351, in parse
    loader.exec_module(new_module)
  File "<frozen importlib._bootstrap_external>", line 940, in exec_module
  File "<frozen importlib._bootstrap>", line 241, in _call_with_frames_removed
  File "/home/ghifariyadi_muhammad/airflow/dags/first.py", line 65, in <module>
    product > transactions > user
  File "/home/ghifariyadi_muhammad/.venv/lib/python3.11/site-packages/airflow/models/baseoperator.py", line 1114, in __gt__
    raise TypeError(f"Left hand side ({obj}) is not an outlet")
TypeError: Left hand side (<Task(GCSToBigQueryOperator): transactions>) is not an outlet
[2024-11-17T08:08:17.673+0000] {processor.py:842} WARNING - No viable dags retrieved from /home/ghifariyadi_muhammad/airflow/dags/first.py
[2024-11-17T08:08:17.695+0000] {processor.py:183} INFO - Processing /home/ghifariyadi_muhammad/airflow/dags/first.py took 0.051 seconds
[2024-11-17T08:08:47.879+0000] {processor.py:161} INFO - Started process (PID=978) to work on /home/ghifariyadi_muhammad/airflow/dags/first.py
[2024-11-17T08:08:47.880+0000] {processor.py:830} INFO - Processing file /home/ghifariyadi_muhammad/airflow/dags/first.py for tasks to queue
[2024-11-17T08:08:47.881+0000] {logging_mixin.py:188} INFO - [2024-11-17T08:08:47.880+0000] {dagbag.py:545} INFO - Filling up the DagBag from /home/ghifariyadi_muhammad/airflow/dags/first.py
[2024-11-17T08:08:47.894+0000] {logging_mixin.py:188} INFO - [2024-11-17T08:08:47.892+0000] {dagbag.py:355} ERROR - Failed to import: /home/ghifariyadi_muhammad/airflow/dags/first.py
Traceback (most recent call last):
  File "/home/ghifariyadi_muhammad/.venv/lib/python3.11/site-packages/airflow/models/dagbag.py", line 351, in parse
    loader.exec_module(new_module)
  File "<frozen importlib._bootstrap_external>", line 940, in exec_module
  File "<frozen importlib._bootstrap>", line 241, in _call_with_frames_removed
  File "/home/ghifariyadi_muhammad/airflow/dags/first.py", line 65, in <module>
    product > transactions > user
  File "/home/ghifariyadi_muhammad/.venv/lib/python3.11/site-packages/airflow/models/baseoperator.py", line 1114, in __gt__
    raise TypeError(f"Left hand side ({obj}) is not an outlet")
TypeError: Left hand side (<Task(GCSToBigQueryOperator): transactions>) is not an outlet
[2024-11-17T08:08:47.894+0000] {processor.py:842} WARNING - No viable dags retrieved from /home/ghifariyadi_muhammad/airflow/dags/first.py
[2024-11-17T08:08:47.915+0000] {processor.py:183} INFO - Processing /home/ghifariyadi_muhammad/airflow/dags/first.py took 0.044 seconds
[2024-11-17T08:09:18.122+0000] {processor.py:161} INFO - Started process (PID=989) to work on /home/ghifariyadi_muhammad/airflow/dags/first.py
[2024-11-17T08:09:18.126+0000] {processor.py:830} INFO - Processing file /home/ghifariyadi_muhammad/airflow/dags/first.py for tasks to queue
[2024-11-17T08:09:18.127+0000] {logging_mixin.py:188} INFO - [2024-11-17T08:09:18.126+0000] {dagbag.py:545} INFO - Filling up the DagBag from /home/ghifariyadi_muhammad/airflow/dags/first.py
[2024-11-17T08:09:18.140+0000] {logging_mixin.py:188} INFO - [2024-11-17T08:09:18.139+0000] {dagbag.py:355} ERROR - Failed to import: /home/ghifariyadi_muhammad/airflow/dags/first.py
Traceback (most recent call last):
  File "/home/ghifariyadi_muhammad/.venv/lib/python3.11/site-packages/airflow/models/dagbag.py", line 351, in parse
    loader.exec_module(new_module)
  File "<frozen importlib._bootstrap_external>", line 940, in exec_module
  File "<frozen importlib._bootstrap>", line 241, in _call_with_frames_removed
  File "/home/ghifariyadi_muhammad/airflow/dags/first.py", line 65, in <module>
    product > transactions > user
  File "/home/ghifariyadi_muhammad/.venv/lib/python3.11/site-packages/airflow/models/baseoperator.py", line 1114, in __gt__
    raise TypeError(f"Left hand side ({obj}) is not an outlet")
TypeError: Left hand side (<Task(GCSToBigQueryOperator): transactions>) is not an outlet
[2024-11-17T08:09:18.141+0000] {processor.py:842} WARNING - No viable dags retrieved from /home/ghifariyadi_muhammad/airflow/dags/first.py
[2024-11-17T08:09:18.163+0000] {processor.py:183} INFO - Processing /home/ghifariyadi_muhammad/airflow/dags/first.py took 0.051 seconds
[2024-11-17T08:09:55.392+0000] {processor.py:161} INFO - Started process (PID=1003) to work on /home/ghifariyadi_muhammad/airflow/dags/first.py
[2024-11-17T08:09:55.394+0000] {processor.py:830} INFO - Processing file /home/ghifariyadi_muhammad/airflow/dags/first.py for tasks to queue
[2024-11-17T08:09:55.397+0000] {logging_mixin.py:188} INFO - [2024-11-17T08:09:55.396+0000] {dagbag.py:545} INFO - Filling up the DagBag from /home/ghifariyadi_muhammad/airflow/dags/first.py
[2024-11-17T08:09:55.416+0000] {processor.py:840} INFO - DAG(s) 'gcs_to_bq' retrieved from /home/ghifariyadi_muhammad/airflow/dags/first.py
[2024-11-17T08:09:55.529+0000] {logging_mixin.py:188} INFO - [2024-11-17T08:09:55.528+0000] {dag.py:3096} INFO - Sync 1 DAGs
[2024-11-17T08:09:55.549+0000] {logging_mixin.py:188} INFO - [2024-11-17T08:09:55.549+0000] {dag.py:3954} INFO - Setting next_dagrun for gcs_to_bq to 2024-11-16 00:00:00+00:00, run_after=2024-11-17 00:00:00+00:00
[2024-11-17T08:09:55.579+0000] {processor.py:183} INFO - Processing /home/ghifariyadi_muhammad/airflow/dags/first.py took 0.195 seconds
[2024-11-17T08:10:26.121+0000] {processor.py:161} INFO - Started process (PID=1027) to work on /home/ghifariyadi_muhammad/airflow/dags/first.py
[2024-11-17T08:10:26.122+0000] {processor.py:830} INFO - Processing file /home/ghifariyadi_muhammad/airflow/dags/first.py for tasks to queue
[2024-11-17T08:10:26.125+0000] {logging_mixin.py:188} INFO - [2024-11-17T08:10:26.125+0000] {dagbag.py:545} INFO - Filling up the DagBag from /home/ghifariyadi_muhammad/airflow/dags/first.py
[2024-11-17T08:10:26.144+0000] {processor.py:840} INFO - DAG(s) 'gcs_to_bq' retrieved from /home/ghifariyadi_muhammad/airflow/dags/first.py
[2024-11-17T08:10:26.168+0000] {logging_mixin.py:188} INFO - [2024-11-17T08:10:26.167+0000] {dag.py:3096} INFO - Sync 1 DAGs
[2024-11-17T08:10:26.193+0000] {logging_mixin.py:188} INFO - [2024-11-17T08:10:26.193+0000] {dag.py:3954} INFO - Setting next_dagrun for gcs_to_bq to 2024-11-17 00:00:00+00:00, run_after=2024-11-18 00:00:00+00:00
[2024-11-17T08:10:26.217+0000] {processor.py:183} INFO - Processing /home/ghifariyadi_muhammad/airflow/dags/first.py took 0.103 seconds
[2024-11-17T08:11:08.559+0000] {processor.py:161} INFO - Started process (PID=1040) to work on /home/ghifariyadi_muhammad/airflow/dags/first.py
[2024-11-17T08:11:08.563+0000] {processor.py:830} INFO - Processing file /home/ghifariyadi_muhammad/airflow/dags/first.py for tasks to queue
[2024-11-17T08:11:08.566+0000] {logging_mixin.py:188} INFO - [2024-11-17T08:11:08.566+0000] {dagbag.py:545} INFO - Filling up the DagBag from /home/ghifariyadi_muhammad/airflow/dags/first.py
[2024-11-17T08:11:08.585+0000] {processor.py:840} INFO - DAG(s) 'gcs_to_bq' retrieved from /home/ghifariyadi_muhammad/airflow/dags/first.py
[2024-11-17T08:11:08.610+0000] {logging_mixin.py:188} INFO - [2024-11-17T08:11:08.609+0000] {dag.py:3096} INFO - Sync 1 DAGs
[2024-11-17T08:11:08.635+0000] {logging_mixin.py:188} INFO - [2024-11-17T08:11:08.635+0000] {dag.py:3954} INFO - Setting next_dagrun for gcs_to_bq to 2024-11-17 00:00:00+00:00, run_after=2024-11-18 00:00:00+00:00
[2024-11-17T08:11:08.659+0000] {processor.py:183} INFO - Processing /home/ghifariyadi_muhammad/airflow/dags/first.py took 0.108 seconds
[2024-11-17T08:11:38.900+0000] {processor.py:161} INFO - Started process (PID=1041) to work on /home/ghifariyadi_muhammad/airflow/dags/first.py
[2024-11-17T08:11:38.902+0000] {processor.py:830} INFO - Processing file /home/ghifariyadi_muhammad/airflow/dags/first.py for tasks to queue
[2024-11-17T08:11:38.904+0000] {logging_mixin.py:188} INFO - [2024-11-17T08:11:38.904+0000] {dagbag.py:545} INFO - Filling up the DagBag from /home/ghifariyadi_muhammad/airflow/dags/first.py
[2024-11-17T08:11:38.924+0000] {processor.py:840} INFO - DAG(s) 'gcs_to_bq' retrieved from /home/ghifariyadi_muhammad/airflow/dags/first.py
[2024-11-17T08:11:38.950+0000] {logging_mixin.py:188} INFO - [2024-11-17T08:11:38.949+0000] {dag.py:3096} INFO - Sync 1 DAGs
[2024-11-17T08:11:38.973+0000] {logging_mixin.py:188} INFO - [2024-11-17T08:11:38.973+0000] {dag.py:3954} INFO - Setting next_dagrun for gcs_to_bq to 2024-11-17 00:00:00+00:00, run_after=2024-11-18 00:00:00+00:00
[2024-11-17T08:11:38.996+0000] {processor.py:183} INFO - Processing /home/ghifariyadi_muhammad/airflow/dags/first.py took 0.104 seconds
[2024-11-17T08:12:09.352+0000] {processor.py:161} INFO - Started process (PID=1042) to work on /home/ghifariyadi_muhammad/airflow/dags/first.py
[2024-11-17T08:12:09.355+0000] {processor.py:830} INFO - Processing file /home/ghifariyadi_muhammad/airflow/dags/first.py for tasks to queue
[2024-11-17T08:12:09.358+0000] {logging_mixin.py:188} INFO - [2024-11-17T08:12:09.357+0000] {dagbag.py:545} INFO - Filling up the DagBag from /home/ghifariyadi_muhammad/airflow/dags/first.py
[2024-11-17T08:12:09.379+0000] {processor.py:840} INFO - DAG(s) 'gcs_to_bq' retrieved from /home/ghifariyadi_muhammad/airflow/dags/first.py
[2024-11-17T08:12:09.402+0000] {logging_mixin.py:188} INFO - [2024-11-17T08:12:09.402+0000] {dag.py:3096} INFO - Sync 1 DAGs
[2024-11-17T08:12:09.425+0000] {logging_mixin.py:188} INFO - [2024-11-17T08:12:09.425+0000] {dag.py:3954} INFO - Setting next_dagrun for gcs_to_bq to 2024-11-17 00:00:00+00:00, run_after=2024-11-18 00:00:00+00:00
[2024-11-17T08:12:09.450+0000] {processor.py:183} INFO - Processing /home/ghifariyadi_muhammad/airflow/dags/first.py took 0.107 seconds
[2024-11-17T08:12:39.802+0000] {processor.py:161} INFO - Started process (PID=1043) to work on /home/ghifariyadi_muhammad/airflow/dags/first.py
[2024-11-17T08:12:39.803+0000] {processor.py:830} INFO - Processing file /home/ghifariyadi_muhammad/airflow/dags/first.py for tasks to queue
[2024-11-17T08:12:39.806+0000] {logging_mixin.py:188} INFO - [2024-11-17T08:12:39.805+0000] {dagbag.py:545} INFO - Filling up the DagBag from /home/ghifariyadi_muhammad/airflow/dags/first.py
[2024-11-17T08:12:39.825+0000] {processor.py:840} INFO - DAG(s) 'gcs_to_bq' retrieved from /home/ghifariyadi_muhammad/airflow/dags/first.py
[2024-11-17T08:12:39.849+0000] {logging_mixin.py:188} INFO - [2024-11-17T08:12:39.848+0000] {dag.py:3096} INFO - Sync 1 DAGs
[2024-11-17T08:12:39.871+0000] {logging_mixin.py:188} INFO - [2024-11-17T08:12:39.871+0000] {dag.py:3954} INFO - Setting next_dagrun for gcs_to_bq to 2024-11-17 00:00:00+00:00, run_after=2024-11-18 00:00:00+00:00
[2024-11-17T08:12:39.895+0000] {processor.py:183} INFO - Processing /home/ghifariyadi_muhammad/airflow/dags/first.py took 0.101 seconds
[2024-11-17T08:13:10.251+0000] {processor.py:161} INFO - Started process (PID=1044) to work on /home/ghifariyadi_muhammad/airflow/dags/first.py
[2024-11-17T08:13:10.253+0000] {processor.py:830} INFO - Processing file /home/ghifariyadi_muhammad/airflow/dags/first.py for tasks to queue
[2024-11-17T08:13:10.256+0000] {logging_mixin.py:188} INFO - [2024-11-17T08:13:10.256+0000] {dagbag.py:545} INFO - Filling up the DagBag from /home/ghifariyadi_muhammad/airflow/dags/first.py
[2024-11-17T08:13:10.275+0000] {processor.py:840} INFO - DAG(s) 'gcs_to_bq' retrieved from /home/ghifariyadi_muhammad/airflow/dags/first.py
[2024-11-17T08:13:10.299+0000] {logging_mixin.py:188} INFO - [2024-11-17T08:13:10.298+0000] {dag.py:3096} INFO - Sync 1 DAGs
[2024-11-17T08:13:10.322+0000] {logging_mixin.py:188} INFO - [2024-11-17T08:13:10.321+0000] {dag.py:3954} INFO - Setting next_dagrun for gcs_to_bq to 2024-11-17 00:00:00+00:00, run_after=2024-11-18 00:00:00+00:00
[2024-11-17T08:13:10.346+0000] {processor.py:183} INFO - Processing /home/ghifariyadi_muhammad/airflow/dags/first.py took 0.103 seconds
[2024-11-17T08:13:40.700+0000] {processor.py:161} INFO - Started process (PID=1045) to work on /home/ghifariyadi_muhammad/airflow/dags/first.py
[2024-11-17T08:13:40.701+0000] {processor.py:830} INFO - Processing file /home/ghifariyadi_muhammad/airflow/dags/first.py for tasks to queue
[2024-11-17T08:13:40.704+0000] {logging_mixin.py:188} INFO - [2024-11-17T08:13:40.703+0000] {dagbag.py:545} INFO - Filling up the DagBag from /home/ghifariyadi_muhammad/airflow/dags/first.py
[2024-11-17T08:13:40.723+0000] {processor.py:840} INFO - DAG(s) 'gcs_to_bq' retrieved from /home/ghifariyadi_muhammad/airflow/dags/first.py
[2024-11-17T08:13:40.749+0000] {logging_mixin.py:188} INFO - [2024-11-17T08:13:40.749+0000] {dag.py:3096} INFO - Sync 1 DAGs
[2024-11-17T08:13:40.772+0000] {logging_mixin.py:188} INFO - [2024-11-17T08:13:40.772+0000] {dag.py:3954} INFO - Setting next_dagrun for gcs_to_bq to 2024-11-17 00:00:00+00:00, run_after=2024-11-18 00:00:00+00:00
[2024-11-17T08:13:40.796+0000] {processor.py:183} INFO - Processing /home/ghifariyadi_muhammad/airflow/dags/first.py took 0.104 seconds
[2024-11-17T08:14:11.137+0000] {processor.py:161} INFO - Started process (PID=1047) to work on /home/ghifariyadi_muhammad/airflow/dags/first.py
[2024-11-17T08:14:11.139+0000] {processor.py:830} INFO - Processing file /home/ghifariyadi_muhammad/airflow/dags/first.py for tasks to queue
[2024-11-17T08:14:11.142+0000] {logging_mixin.py:188} INFO - [2024-11-17T08:14:11.141+0000] {dagbag.py:545} INFO - Filling up the DagBag from /home/ghifariyadi_muhammad/airflow/dags/first.py
[2024-11-17T08:14:11.161+0000] {processor.py:840} INFO - DAG(s) 'gcs_to_bq' retrieved from /home/ghifariyadi_muhammad/airflow/dags/first.py
[2024-11-17T08:14:11.185+0000] {logging_mixin.py:188} INFO - [2024-11-17T08:14:11.184+0000] {dag.py:3096} INFO - Sync 1 DAGs
[2024-11-17T08:14:11.209+0000] {logging_mixin.py:188} INFO - [2024-11-17T08:14:11.208+0000] {dag.py:3954} INFO - Setting next_dagrun for gcs_to_bq to 2024-11-17 00:00:00+00:00, run_after=2024-11-18 00:00:00+00:00
[2024-11-17T08:14:11.232+0000] {processor.py:183} INFO - Processing /home/ghifariyadi_muhammad/airflow/dags/first.py took 0.103 seconds
[2024-11-17T08:14:41.590+0000] {processor.py:161} INFO - Started process (PID=1055) to work on /home/ghifariyadi_muhammad/airflow/dags/first.py
[2024-11-17T08:14:41.591+0000] {processor.py:830} INFO - Processing file /home/ghifariyadi_muhammad/airflow/dags/first.py for tasks to queue
[2024-11-17T08:14:41.594+0000] {logging_mixin.py:188} INFO - [2024-11-17T08:14:41.594+0000] {dagbag.py:545} INFO - Filling up the DagBag from /home/ghifariyadi_muhammad/airflow/dags/first.py
[2024-11-17T08:14:41.613+0000] {processor.py:840} INFO - DAG(s) 'gcs_to_bq' retrieved from /home/ghifariyadi_muhammad/airflow/dags/first.py
[2024-11-17T08:14:41.637+0000] {logging_mixin.py:188} INFO - [2024-11-17T08:14:41.636+0000] {dag.py:3096} INFO - Sync 1 DAGs
[2024-11-17T08:14:41.660+0000] {logging_mixin.py:188} INFO - [2024-11-17T08:14:41.660+0000] {dag.py:3954} INFO - Setting next_dagrun for gcs_to_bq to 2024-11-17 00:00:00+00:00, run_after=2024-11-18 00:00:00+00:00
[2024-11-17T08:14:41.684+0000] {processor.py:183} INFO - Processing /home/ghifariyadi_muhammad/airflow/dags/first.py took 0.102 seconds
[2024-11-17T08:15:12.038+0000] {processor.py:161} INFO - Started process (PID=1056) to work on /home/ghifariyadi_muhammad/airflow/dags/first.py
[2024-11-17T08:15:12.041+0000] {processor.py:830} INFO - Processing file /home/ghifariyadi_muhammad/airflow/dags/first.py for tasks to queue
[2024-11-17T08:15:12.043+0000] {logging_mixin.py:188} INFO - [2024-11-17T08:15:12.043+0000] {dagbag.py:545} INFO - Filling up the DagBag from /home/ghifariyadi_muhammad/airflow/dags/first.py
[2024-11-17T08:15:12.062+0000] {processor.py:840} INFO - DAG(s) 'gcs_to_bq' retrieved from /home/ghifariyadi_muhammad/airflow/dags/first.py
[2024-11-17T08:15:12.087+0000] {logging_mixin.py:188} INFO - [2024-11-17T08:15:12.085+0000] {dag.py:3096} INFO - Sync 1 DAGs
[2024-11-17T08:15:12.110+0000] {logging_mixin.py:188} INFO - [2024-11-17T08:15:12.109+0000] {dag.py:3954} INFO - Setting next_dagrun for gcs_to_bq to 2024-11-17 00:00:00+00:00, run_after=2024-11-18 00:00:00+00:00
[2024-11-17T08:15:12.134+0000] {processor.py:183} INFO - Processing /home/ghifariyadi_muhammad/airflow/dags/first.py took 0.104 seconds
[2024-11-17T08:15:42.463+0000] {processor.py:161} INFO - Started process (PID=1057) to work on /home/ghifariyadi_muhammad/airflow/dags/first.py
[2024-11-17T08:15:42.464+0000] {processor.py:830} INFO - Processing file /home/ghifariyadi_muhammad/airflow/dags/first.py for tasks to queue
[2024-11-17T08:15:42.466+0000] {logging_mixin.py:188} INFO - [2024-11-17T08:15:42.466+0000] {dagbag.py:545} INFO - Filling up the DagBag from /home/ghifariyadi_muhammad/airflow/dags/first.py
[2024-11-17T08:15:42.488+0000] {processor.py:840} INFO - DAG(s) 'gcs_to_bq' retrieved from /home/ghifariyadi_muhammad/airflow/dags/first.py
[2024-11-17T08:15:42.512+0000] {logging_mixin.py:188} INFO - [2024-11-17T08:15:42.511+0000] {dag.py:3096} INFO - Sync 1 DAGs
[2024-11-17T08:15:42.534+0000] {logging_mixin.py:188} INFO - [2024-11-17T08:15:42.534+0000] {dag.py:3954} INFO - Setting next_dagrun for gcs_to_bq to 2024-11-17 00:00:00+00:00, run_after=2024-11-18 00:00:00+00:00
[2024-11-17T08:15:42.556+0000] {processor.py:183} INFO - Processing /home/ghifariyadi_muhammad/airflow/dags/first.py took 0.101 seconds
[2024-11-17T08:16:12.915+0000] {processor.py:161} INFO - Started process (PID=1058) to work on /home/ghifariyadi_muhammad/airflow/dags/first.py
[2024-11-17T08:16:12.917+0000] {processor.py:830} INFO - Processing file /home/ghifariyadi_muhammad/airflow/dags/first.py for tasks to queue
[2024-11-17T08:16:12.920+0000] {logging_mixin.py:188} INFO - [2024-11-17T08:16:12.920+0000] {dagbag.py:545} INFO - Filling up the DagBag from /home/ghifariyadi_muhammad/airflow/dags/first.py
[2024-11-17T08:16:12.939+0000] {processor.py:840} INFO - DAG(s) 'gcs_to_bq' retrieved from /home/ghifariyadi_muhammad/airflow/dags/first.py
[2024-11-17T08:16:12.962+0000] {logging_mixin.py:188} INFO - [2024-11-17T08:16:12.962+0000] {dag.py:3096} INFO - Sync 1 DAGs
[2024-11-17T08:16:12.986+0000] {logging_mixin.py:188} INFO - [2024-11-17T08:16:12.985+0000] {dag.py:3954} INFO - Setting next_dagrun for gcs_to_bq to 2024-11-17 00:00:00+00:00, run_after=2024-11-18 00:00:00+00:00
[2024-11-17T08:16:13.010+0000] {processor.py:183} INFO - Processing /home/ghifariyadi_muhammad/airflow/dags/first.py took 0.103 seconds
[2024-11-17T08:16:43.369+0000] {processor.py:161} INFO - Started process (PID=1059) to work on /home/ghifariyadi_muhammad/airflow/dags/first.py
[2024-11-17T08:16:43.370+0000] {processor.py:830} INFO - Processing file /home/ghifariyadi_muhammad/airflow/dags/first.py for tasks to queue
[2024-11-17T08:16:43.373+0000] {logging_mixin.py:188} INFO - [2024-11-17T08:16:43.373+0000] {dagbag.py:545} INFO - Filling up the DagBag from /home/ghifariyadi_muhammad/airflow/dags/first.py
[2024-11-17T08:16:43.392+0000] {processor.py:840} INFO - DAG(s) 'gcs_to_bq' retrieved from /home/ghifariyadi_muhammad/airflow/dags/first.py
[2024-11-17T08:16:43.416+0000] {logging_mixin.py:188} INFO - [2024-11-17T08:16:43.416+0000] {dag.py:3096} INFO - Sync 1 DAGs
[2024-11-17T08:16:43.439+0000] {logging_mixin.py:188} INFO - [2024-11-17T08:16:43.438+0000] {dag.py:3954} INFO - Setting next_dagrun for gcs_to_bq to 2024-11-17 00:00:00+00:00, run_after=2024-11-18 00:00:00+00:00
[2024-11-17T08:16:43.462+0000] {processor.py:183} INFO - Processing /home/ghifariyadi_muhammad/airflow/dags/first.py took 0.101 seconds
[2024-11-17T08:17:13.791+0000] {processor.py:161} INFO - Started process (PID=1063) to work on /home/ghifariyadi_muhammad/airflow/dags/first.py
[2024-11-17T08:17:13.798+0000] {processor.py:830} INFO - Processing file /home/ghifariyadi_muhammad/airflow/dags/first.py for tasks to queue
[2024-11-17T08:17:13.801+0000] {logging_mixin.py:188} INFO - [2024-11-17T08:17:13.800+0000] {dagbag.py:545} INFO - Filling up the DagBag from /home/ghifariyadi_muhammad/airflow/dags/first.py
[2024-11-17T08:17:13.820+0000] {processor.py:840} INFO - DAG(s) 'gcs_to_bq' retrieved from /home/ghifariyadi_muhammad/airflow/dags/first.py
[2024-11-17T08:17:13.844+0000] {logging_mixin.py:188} INFO - [2024-11-17T08:17:13.843+0000] {dag.py:3096} INFO - Sync 1 DAGs
[2024-11-17T08:17:13.867+0000] {logging_mixin.py:188} INFO - [2024-11-17T08:17:13.867+0000] {dag.py:3954} INFO - Setting next_dagrun for gcs_to_bq to 2024-11-17 00:00:00+00:00, run_after=2024-11-18 00:00:00+00:00
[2024-11-17T08:17:13.891+0000] {processor.py:183} INFO - Processing /home/ghifariyadi_muhammad/airflow/dags/first.py took 0.110 seconds
[2024-11-17T08:35:11.504+0000] {processor.py:161} INFO - Started process (PID=1354) to work on /home/ghifariyadi_muhammad/airflow/dags/first.py
[2024-11-17T08:35:11.507+0000] {processor.py:830} INFO - Processing file /home/ghifariyadi_muhammad/airflow/dags/first.py for tasks to queue
[2024-11-17T08:35:11.512+0000] {logging_mixin.py:188} INFO - [2024-11-17T08:35:11.511+0000] {dagbag.py:545} INFO - Filling up the DagBag from /home/ghifariyadi_muhammad/airflow/dags/first.py
[2024-11-17T08:35:11.529+0000] {logging_mixin.py:188} INFO - [2024-11-17T08:35:11.527+0000] {dagbag.py:355} ERROR - Failed to import: /home/ghifariyadi_muhammad/airflow/dags/first.py
Traceback (most recent call last):
  File "/home/ghifariyadi_muhammad/.venv/lib/python3.11/site-packages/airflow/models/dagbag.py", line 351, in parse
    loader.exec_module(new_module)
  File "<frozen importlib._bootstrap_external>", line 940, in exec_module
  File "<frozen importlib._bootstrap>", line 241, in _call_with_frames_removed
  File "/home/ghifariyadi_muhammad/airflow/dags/first.py", line 66, in <module>
    dbt_run = DbtRunOperator(
              ^^^^^^^^^^^^^^
NameError: name 'DbtRunOperator' is not defined
[2024-11-17T08:35:11.530+0000] {processor.py:842} WARNING - No viable dags retrieved from /home/ghifariyadi_muhammad/airflow/dags/first.py
[2024-11-17T08:35:11.565+0000] {processor.py:183} INFO - Processing /home/ghifariyadi_muhammad/airflow/dags/first.py took 0.075 seconds
[2024-11-17T08:35:42.398+0000] {processor.py:161} INFO - Started process (PID=1371) to work on /home/ghifariyadi_muhammad/airflow/dags/first.py
[2024-11-17T08:35:42.400+0000] {processor.py:830} INFO - Processing file /home/ghifariyadi_muhammad/airflow/dags/first.py for tasks to queue
[2024-11-17T08:35:42.404+0000] {logging_mixin.py:188} INFO - [2024-11-17T08:35:42.403+0000] {dagbag.py:545} INFO - Filling up the DagBag from /home/ghifariyadi_muhammad/airflow/dags/first.py
[2024-11-17T08:35:42.420+0000] {logging_mixin.py:188} INFO - [2024-11-17T08:35:42.418+0000] {dagbag.py:355} ERROR - Failed to import: /home/ghifariyadi_muhammad/airflow/dags/first.py
Traceback (most recent call last):
  File "/home/ghifariyadi_muhammad/.venv/lib/python3.11/site-packages/airflow/models/dagbag.py", line 351, in parse
    loader.exec_module(new_module)
  File "<frozen importlib._bootstrap_external>", line 940, in exec_module
  File "<frozen importlib._bootstrap>", line 241, in _call_with_frames_removed
  File "/home/ghifariyadi_muhammad/airflow/dags/first.py", line 66, in <module>
    dbt_run = DbtRunOperator(
              ^^^^^^^^^^^^^^
NameError: name 'DbtRunOperator' is not defined
[2024-11-17T08:35:42.421+0000] {processor.py:842} WARNING - No viable dags retrieved from /home/ghifariyadi_muhammad/airflow/dags/first.py
[2024-11-17T08:35:42.453+0000] {processor.py:183} INFO - Processing /home/ghifariyadi_muhammad/airflow/dags/first.py took 0.068 seconds
[2024-11-17T08:36:12.645+0000] {processor.py:161} INFO - Started process (PID=1372) to work on /home/ghifariyadi_muhammad/airflow/dags/first.py
[2024-11-17T08:36:12.649+0000] {processor.py:830} INFO - Processing file /home/ghifariyadi_muhammad/airflow/dags/first.py for tasks to queue
[2024-11-17T08:36:12.651+0000] {logging_mixin.py:188} INFO - [2024-11-17T08:36:12.650+0000] {dagbag.py:545} INFO - Filling up the DagBag from /home/ghifariyadi_muhammad/airflow/dags/first.py
[2024-11-17T08:36:12.670+0000] {logging_mixin.py:188} INFO - [2024-11-17T08:36:12.668+0000] {dagbag.py:355} ERROR - Failed to import: /home/ghifariyadi_muhammad/airflow/dags/first.py
Traceback (most recent call last):
  File "/home/ghifariyadi_muhammad/.venv/lib/python3.11/site-packages/airflow/models/dagbag.py", line 351, in parse
    loader.exec_module(new_module)
  File "<frozen importlib._bootstrap_external>", line 940, in exec_module
  File "<frozen importlib._bootstrap>", line 241, in _call_with_frames_removed
  File "/home/ghifariyadi_muhammad/airflow/dags/first.py", line 66, in <module>
    dbt_run = DbtRunOperator(
              ^^^^^^^^^^^^^^
NameError: name 'DbtRunOperator' is not defined
[2024-11-17T08:36:12.671+0000] {processor.py:842} WARNING - No viable dags retrieved from /home/ghifariyadi_muhammad/airflow/dags/first.py
[2024-11-17T08:36:12.704+0000] {processor.py:183} INFO - Processing /home/ghifariyadi_muhammad/airflow/dags/first.py took 0.074 seconds
[2024-11-17T08:36:40.407+0000] {processor.py:161} INFO - Started process (PID=1383) to work on /home/ghifariyadi_muhammad/airflow/dags/first.py
[2024-11-17T08:36:40.408+0000] {processor.py:830} INFO - Processing file /home/ghifariyadi_muhammad/airflow/dags/first.py for tasks to queue
[2024-11-17T08:36:40.411+0000] {logging_mixin.py:188} INFO - [2024-11-17T08:36:40.411+0000] {dagbag.py:545} INFO - Filling up the DagBag from /home/ghifariyadi_muhammad/airflow/dags/first.py
[2024-11-17T08:36:40.417+0000] {logging_mixin.py:188} INFO - [2024-11-17T08:36:40.415+0000] {dagbag.py:355} ERROR - Failed to import: /home/ghifariyadi_muhammad/airflow/dags/first.py
Traceback (most recent call last):
  File "/home/ghifariyadi_muhammad/.venv/lib/python3.11/site-packages/airflow/models/dagbag.py", line 351, in parse
    loader.exec_module(new_module)
  File "<frozen importlib._bootstrap_external>", line 940, in exec_module
  File "<frozen importlib._bootstrap>", line 241, in _call_with_frames_removed
  File "/home/ghifariyadi_muhammad/airflow/dags/first.py", line 5, in <module>
    from airflow.providers.dbt.operators.dbt import DbtRunOperator
ModuleNotFoundError: No module named 'airflow.providers.dbt'
[2024-11-17T08:36:40.417+0000] {processor.py:842} WARNING - No viable dags retrieved from /home/ghifariyadi_muhammad/airflow/dags/first.py
[2024-11-17T08:36:40.441+0000] {processor.py:183} INFO - Processing /home/ghifariyadi_muhammad/airflow/dags/first.py took 0.042 seconds
[2024-11-17T08:38:57.307+0000] {processor.py:161} INFO - Started process (PID=1408) to work on /home/ghifariyadi_muhammad/airflow/dags/first.py
[2024-11-17T08:38:57.311+0000] {processor.py:830} INFO - Processing file /home/ghifariyadi_muhammad/airflow/dags/first.py for tasks to queue
[2024-11-17T08:38:57.313+0000] {logging_mixin.py:188} INFO - [2024-11-17T08:38:57.313+0000] {dagbag.py:545} INFO - Filling up the DagBag from /home/ghifariyadi_muhammad/airflow/dags/first.py
[2024-11-17T08:38:57.318+0000] {logging_mixin.py:188} INFO - [2024-11-17T08:38:57.316+0000] {dagbag.py:355} ERROR - Failed to import: /home/ghifariyadi_muhammad/airflow/dags/first.py
Traceback (most recent call last):
  File "/home/ghifariyadi_muhammad/.venv/lib/python3.11/site-packages/airflow/models/dagbag.py", line 351, in parse
    loader.exec_module(new_module)
  File "<frozen importlib._bootstrap_external>", line 936, in exec_module
  File "<frozen importlib._bootstrap_external>", line 1074, in get_code
  File "<frozen importlib._bootstrap_external>", line 1004, in source_to_code
  File "<frozen importlib._bootstrap>", line 241, in _call_with_frames_removed
  File "/home/ghifariyadi_muhammad/airflow/dags/first.py", line 66
    dbt_run = BashOperator(
IndentationError: unexpected indent
[2024-11-17T08:38:57.318+0000] {processor.py:842} WARNING - No viable dags retrieved from /home/ghifariyadi_muhammad/airflow/dags/first.py
[2024-11-17T08:38:57.340+0000] {processor.py:183} INFO - Processing /home/ghifariyadi_muhammad/airflow/dags/first.py took 0.041 seconds
[2024-11-17T08:39:46.001+0000] {processor.py:161} INFO - Started process (PID=1426) to work on /home/ghifariyadi_muhammad/airflow/dags/first.py
[2024-11-17T08:39:46.006+0000] {processor.py:830} INFO - Processing file /home/ghifariyadi_muhammad/airflow/dags/first.py for tasks to queue
[2024-11-17T08:39:46.013+0000] {logging_mixin.py:188} INFO - [2024-11-17T08:39:46.011+0000] {dagbag.py:545} INFO - Filling up the DagBag from /home/ghifariyadi_muhammad/airflow/dags/first.py
[2024-11-17T08:39:46.065+0000] {processor.py:840} INFO - DAG(s) 'gcs_to_bq' retrieved from /home/ghifariyadi_muhammad/airflow/dags/first.py
[2024-11-17T08:39:46.297+0000] {logging_mixin.py:188} INFO - [2024-11-17T08:39:46.297+0000] {dag.py:3096} INFO - Sync 1 DAGs
[2024-11-17T08:39:46.332+0000] {logging_mixin.py:188} INFO - [2024-11-17T08:39:46.332+0000] {dag.py:3954} INFO - Setting next_dagrun for gcs_to_bq to 2024-11-17 00:00:00+00:00, run_after=2024-11-18 00:00:00+00:00
[2024-11-17T08:39:46.384+0000] {processor.py:183} INFO - Processing /home/ghifariyadi_muhammad/airflow/dags/first.py took 0.400 seconds
[2024-11-17T08:40:17.518+0000] {processor.py:161} INFO - Started process (PID=1436) to work on /home/ghifariyadi_muhammad/airflow/dags/first.py
[2024-11-17T08:40:17.519+0000] {processor.py:830} INFO - Processing file /home/ghifariyadi_muhammad/airflow/dags/first.py for tasks to queue
[2024-11-17T08:40:17.523+0000] {logging_mixin.py:188} INFO - [2024-11-17T08:40:17.522+0000] {dagbag.py:545} INFO - Filling up the DagBag from /home/ghifariyadi_muhammad/airflow/dags/first.py
[2024-11-17T08:40:17.546+0000] {processor.py:840} INFO - DAG(s) 'gcs_to_bq' retrieved from /home/ghifariyadi_muhammad/airflow/dags/first.py
[2024-11-17T08:40:17.576+0000] {logging_mixin.py:188} INFO - [2024-11-17T08:40:17.576+0000] {dag.py:3096} INFO - Sync 1 DAGs
[2024-11-17T08:40:17.601+0000] {logging_mixin.py:188} INFO - [2024-11-17T08:40:17.601+0000] {dag.py:3954} INFO - Setting next_dagrun for gcs_to_bq to 2024-11-17 00:00:00+00:00, run_after=2024-11-18 00:00:00+00:00
[2024-11-17T08:40:17.627+0000] {processor.py:183} INFO - Processing /home/ghifariyadi_muhammad/airflow/dags/first.py took 0.120 seconds
[2024-11-17T08:40:48.056+0000] {processor.py:161} INFO - Started process (PID=1455) to work on /home/ghifariyadi_muhammad/airflow/dags/first.py
[2024-11-17T08:40:48.058+0000] {processor.py:830} INFO - Processing file /home/ghifariyadi_muhammad/airflow/dags/first.py for tasks to queue
[2024-11-17T08:40:48.061+0000] {logging_mixin.py:188} INFO - [2024-11-17T08:40:48.060+0000] {dagbag.py:545} INFO - Filling up the DagBag from /home/ghifariyadi_muhammad/airflow/dags/first.py
[2024-11-17T08:40:48.080+0000] {processor.py:840} INFO - DAG(s) 'gcs_to_bq' retrieved from /home/ghifariyadi_muhammad/airflow/dags/first.py
[2024-11-17T08:40:48.108+0000] {logging_mixin.py:188} INFO - [2024-11-17T08:40:48.108+0000] {dag.py:3096} INFO - Sync 1 DAGs
[2024-11-17T08:40:48.131+0000] {logging_mixin.py:188} INFO - [2024-11-17T08:40:48.131+0000] {dag.py:3954} INFO - Setting next_dagrun for gcs_to_bq to 2024-11-17 00:00:00+00:00, run_after=2024-11-18 00:00:00+00:00
[2024-11-17T08:40:48.157+0000] {processor.py:183} INFO - Processing /home/ghifariyadi_muhammad/airflow/dags/first.py took 0.110 seconds
[2024-11-17T08:41:19.152+0000] {processor.py:161} INFO - Started process (PID=1492) to work on /home/ghifariyadi_muhammad/airflow/dags/first.py
[2024-11-17T08:41:19.153+0000] {processor.py:830} INFO - Processing file /home/ghifariyadi_muhammad/airflow/dags/first.py for tasks to queue
[2024-11-17T08:41:19.156+0000] {logging_mixin.py:188} INFO - [2024-11-17T08:41:19.155+0000] {dagbag.py:545} INFO - Filling up the DagBag from /home/ghifariyadi_muhammad/airflow/dags/first.py
[2024-11-17T08:41:19.178+0000] {processor.py:840} INFO - DAG(s) 'gcs_to_bq' retrieved from /home/ghifariyadi_muhammad/airflow/dags/first.py
[2024-11-17T08:41:19.203+0000] {logging_mixin.py:188} INFO - [2024-11-17T08:41:19.203+0000] {dag.py:3096} INFO - Sync 1 DAGs
[2024-11-17T08:41:19.226+0000] {logging_mixin.py:188} INFO - [2024-11-17T08:41:19.226+0000] {dag.py:3954} INFO - Setting next_dagrun for gcs_to_bq to 2024-11-17 00:00:00+00:00, run_after=2024-11-18 00:00:00+00:00
[2024-11-17T08:41:19.251+0000] {processor.py:183} INFO - Processing /home/ghifariyadi_muhammad/airflow/dags/first.py took 0.109 seconds
[2024-11-17T08:41:49.756+0000] {processor.py:161} INFO - Started process (PID=1561) to work on /home/ghifariyadi_muhammad/airflow/dags/first.py
[2024-11-17T08:41:49.758+0000] {processor.py:830} INFO - Processing file /home/ghifariyadi_muhammad/airflow/dags/first.py for tasks to queue
[2024-11-17T08:41:49.764+0000] {logging_mixin.py:188} INFO - [2024-11-17T08:41:49.763+0000] {dagbag.py:545} INFO - Filling up the DagBag from /home/ghifariyadi_muhammad/airflow/dags/first.py
[2024-11-17T08:41:49.783+0000] {processor.py:840} INFO - DAG(s) 'gcs_to_bq' retrieved from /home/ghifariyadi_muhammad/airflow/dags/first.py
[2024-11-17T08:41:49.808+0000] {logging_mixin.py:188} INFO - [2024-11-17T08:41:49.808+0000] {dag.py:3096} INFO - Sync 1 DAGs
[2024-11-17T08:41:49.832+0000] {logging_mixin.py:188} INFO - [2024-11-17T08:41:49.831+0000] {dag.py:3954} INFO - Setting next_dagrun for gcs_to_bq to 2024-11-17 00:00:00+00:00, run_after=2024-11-18 00:00:00+00:00
[2024-11-17T08:41:49.856+0000] {processor.py:183} INFO - Processing /home/ghifariyadi_muhammad/airflow/dags/first.py took 0.108 seconds
[2024-11-17T08:46:22.075+0000] {processor.py:161} INFO - Started process (PID=2067) to work on /home/ghifariyadi_muhammad/airflow/dags/first.py
[2024-11-17T08:46:22.078+0000] {processor.py:830} INFO - Processing file /home/ghifariyadi_muhammad/airflow/dags/first.py for tasks to queue
[2024-11-17T08:46:22.082+0000] {logging_mixin.py:188} INFO - [2024-11-17T08:46:22.081+0000] {dagbag.py:545} INFO - Filling up the DagBag from /home/ghifariyadi_muhammad/airflow/dags/first.py
[2024-11-17T08:46:22.102+0000] {processor.py:840} INFO - DAG(s) 'gcs_to_bq' retrieved from /home/ghifariyadi_muhammad/airflow/dags/first.py
[2024-11-17T08:46:22.218+0000] {logging_mixin.py:188} INFO - [2024-11-17T08:46:22.218+0000] {dag.py:3096} INFO - Sync 1 DAGs
[2024-11-17T08:46:22.239+0000] {logging_mixin.py:188} INFO - [2024-11-17T08:46:22.238+0000] {dag.py:3954} INFO - Setting next_dagrun for gcs_to_bq to 2024-11-17 00:00:00+00:00, run_after=2024-11-18 00:00:00+00:00
[2024-11-17T08:46:22.267+0000] {processor.py:183} INFO - Processing /home/ghifariyadi_muhammad/airflow/dags/first.py took 0.200 seconds
[2024-11-17T08:46:55.778+0000] {processor.py:161} INFO - Started process (PID=2143) to work on /home/ghifariyadi_muhammad/airflow/dags/first.py
[2024-11-17T08:46:55.780+0000] {processor.py:830} INFO - Processing file /home/ghifariyadi_muhammad/airflow/dags/first.py for tasks to queue
[2024-11-17T08:46:55.782+0000] {logging_mixin.py:188} INFO - [2024-11-17T08:46:55.782+0000] {dagbag.py:545} INFO - Filling up the DagBag from /home/ghifariyadi_muhammad/airflow/dags/first.py
[2024-11-17T08:46:55.802+0000] {processor.py:840} INFO - DAG(s) 'gcs_to_bq' retrieved from /home/ghifariyadi_muhammad/airflow/dags/first.py
[2024-11-17T08:46:55.830+0000] {logging_mixin.py:188} INFO - [2024-11-17T08:46:55.829+0000] {dag.py:3096} INFO - Sync 1 DAGs
[2024-11-17T08:46:55.853+0000] {logging_mixin.py:188} INFO - [2024-11-17T08:46:55.853+0000] {dag.py:3954} INFO - Setting next_dagrun for gcs_to_bq to 2024-11-17 00:00:00+00:00, run_after=2024-11-18 00:00:00+00:00
[2024-11-17T08:46:55.878+0000] {processor.py:183} INFO - Processing /home/ghifariyadi_muhammad/airflow/dags/first.py took 0.107 seconds
[2024-11-17T08:47:26.264+0000] {processor.py:161} INFO - Started process (PID=2215) to work on /home/ghifariyadi_muhammad/airflow/dags/first.py
[2024-11-17T08:47:26.268+0000] {processor.py:830} INFO - Processing file /home/ghifariyadi_muhammad/airflow/dags/first.py for tasks to queue
[2024-11-17T08:47:26.271+0000] {logging_mixin.py:188} INFO - [2024-11-17T08:47:26.270+0000] {dagbag.py:545} INFO - Filling up the DagBag from /home/ghifariyadi_muhammad/airflow/dags/first.py
[2024-11-17T08:47:26.291+0000] {processor.py:840} INFO - DAG(s) 'gcs_to_bq' retrieved from /home/ghifariyadi_muhammad/airflow/dags/first.py
[2024-11-17T08:47:26.319+0000] {logging_mixin.py:188} INFO - [2024-11-17T08:47:26.318+0000] {dag.py:3096} INFO - Sync 1 DAGs
[2024-11-17T08:47:26.343+0000] {logging_mixin.py:188} INFO - [2024-11-17T08:47:26.343+0000] {dag.py:3954} INFO - Setting next_dagrun for gcs_to_bq to 2024-11-17 00:00:00+00:00, run_after=2024-11-18 00:00:00+00:00
[2024-11-17T08:47:26.368+0000] {processor.py:183} INFO - Processing /home/ghifariyadi_muhammad/airflow/dags/first.py took 0.112 seconds
[2024-11-17T08:47:56.517+0000] {processor.py:161} INFO - Started process (PID=2268) to work on /home/ghifariyadi_muhammad/airflow/dags/first.py
[2024-11-17T08:47:56.521+0000] {processor.py:830} INFO - Processing file /home/ghifariyadi_muhammad/airflow/dags/first.py for tasks to queue
[2024-11-17T08:47:56.524+0000] {logging_mixin.py:188} INFO - [2024-11-17T08:47:56.524+0000] {dagbag.py:545} INFO - Filling up the DagBag from /home/ghifariyadi_muhammad/airflow/dags/first.py
[2024-11-17T08:47:56.546+0000] {processor.py:840} INFO - DAG(s) 'gcs_to_bq' retrieved from /home/ghifariyadi_muhammad/airflow/dags/first.py
[2024-11-17T08:47:56.570+0000] {logging_mixin.py:188} INFO - [2024-11-17T08:47:56.570+0000] {dag.py:3096} INFO - Sync 1 DAGs
[2024-11-17T08:47:56.594+0000] {logging_mixin.py:188} INFO - [2024-11-17T08:47:56.594+0000] {dag.py:3954} INFO - Setting next_dagrun for gcs_to_bq to 2024-11-17 00:00:00+00:00, run_after=2024-11-18 00:00:00+00:00
[2024-11-17T08:47:56.619+0000] {processor.py:183} INFO - Processing /home/ghifariyadi_muhammad/airflow/dags/first.py took 0.111 seconds
[2024-11-17T08:48:26.769+0000] {processor.py:161} INFO - Started process (PID=2322) to work on /home/ghifariyadi_muhammad/airflow/dags/first.py
[2024-11-17T08:48:26.771+0000] {processor.py:830} INFO - Processing file /home/ghifariyadi_muhammad/airflow/dags/first.py for tasks to queue
[2024-11-17T08:48:26.774+0000] {logging_mixin.py:188} INFO - [2024-11-17T08:48:26.774+0000] {dagbag.py:545} INFO - Filling up the DagBag from /home/ghifariyadi_muhammad/airflow/dags/first.py
[2024-11-17T08:48:26.797+0000] {processor.py:840} INFO - DAG(s) 'gcs_to_bq' retrieved from /home/ghifariyadi_muhammad/airflow/dags/first.py
[2024-11-17T08:48:26.822+0000] {logging_mixin.py:188} INFO - [2024-11-17T08:48:26.822+0000] {dag.py:3096} INFO - Sync 1 DAGs
[2024-11-17T08:48:26.846+0000] {logging_mixin.py:188} INFO - [2024-11-17T08:48:26.846+0000] {dag.py:3954} INFO - Setting next_dagrun for gcs_to_bq to 2024-11-17 00:00:00+00:00, run_after=2024-11-18 00:00:00+00:00
[2024-11-17T08:48:26.870+0000] {processor.py:183} INFO - Processing /home/ghifariyadi_muhammad/airflow/dags/first.py took 0.110 seconds
[2024-11-17T08:49:01.153+0000] {processor.py:161} INFO - Started process (PID=2393) to work on /home/ghifariyadi_muhammad/airflow/dags/first.py
[2024-11-17T08:49:01.155+0000] {processor.py:830} INFO - Processing file /home/ghifariyadi_muhammad/airflow/dags/first.py for tasks to queue
[2024-11-17T08:49:01.158+0000] {logging_mixin.py:188} INFO - [2024-11-17T08:49:01.157+0000] {dagbag.py:545} INFO - Filling up the DagBag from /home/ghifariyadi_muhammad/airflow/dags/first.py
[2024-11-17T08:49:01.180+0000] {processor.py:840} INFO - DAG(s) 'gcs_to_bq' retrieved from /home/ghifariyadi_muhammad/airflow/dags/first.py
[2024-11-17T08:49:01.205+0000] {logging_mixin.py:188} INFO - [2024-11-17T08:49:01.204+0000] {dag.py:3096} INFO - Sync 1 DAGs
[2024-11-17T08:49:01.229+0000] {logging_mixin.py:188} INFO - [2024-11-17T08:49:01.229+0000] {dag.py:3954} INFO - Setting next_dagrun for gcs_to_bq to 2024-11-17 00:00:00+00:00, run_after=2024-11-18 00:00:00+00:00
[2024-11-17T08:49:01.254+0000] {processor.py:183} INFO - Processing /home/ghifariyadi_muhammad/airflow/dags/first.py took 0.111 seconds
[2024-11-17T08:49:32.122+0000] {processor.py:161} INFO - Started process (PID=2467) to work on /home/ghifariyadi_muhammad/airflow/dags/first.py
[2024-11-17T08:49:32.123+0000] {processor.py:830} INFO - Processing file /home/ghifariyadi_muhammad/airflow/dags/first.py for tasks to queue
[2024-11-17T08:49:32.126+0000] {logging_mixin.py:188} INFO - [2024-11-17T08:49:32.126+0000] {dagbag.py:545} INFO - Filling up the DagBag from /home/ghifariyadi_muhammad/airflow/dags/first.py
[2024-11-17T08:49:32.147+0000] {processor.py:840} INFO - DAG(s) 'gcs_to_bq' retrieved from /home/ghifariyadi_muhammad/airflow/dags/first.py
[2024-11-17T08:49:32.174+0000] {logging_mixin.py:188} INFO - [2024-11-17T08:49:32.173+0000] {dag.py:3096} INFO - Sync 1 DAGs
[2024-11-17T08:49:32.198+0000] {logging_mixin.py:188} INFO - [2024-11-17T08:49:32.197+0000] {dag.py:3954} INFO - Setting next_dagrun for gcs_to_bq to 2024-11-17 00:00:00+00:00, run_after=2024-11-18 00:00:00+00:00
[2024-11-17T08:49:32.223+0000] {processor.py:183} INFO - Processing /home/ghifariyadi_muhammad/airflow/dags/first.py took 0.109 seconds
[2024-11-17T08:50:02.376+0000] {processor.py:161} INFO - Started process (PID=2484) to work on /home/ghifariyadi_muhammad/airflow/dags/first.py
[2024-11-17T08:50:02.378+0000] {processor.py:830} INFO - Processing file /home/ghifariyadi_muhammad/airflow/dags/first.py for tasks to queue
[2024-11-17T08:50:02.381+0000] {logging_mixin.py:188} INFO - [2024-11-17T08:50:02.381+0000] {dagbag.py:545} INFO - Filling up the DagBag from /home/ghifariyadi_muhammad/airflow/dags/first.py
[2024-11-17T08:50:02.401+0000] {processor.py:840} INFO - DAG(s) 'gcs_to_bq' retrieved from /home/ghifariyadi_muhammad/airflow/dags/first.py
[2024-11-17T08:50:02.426+0000] {logging_mixin.py:188} INFO - [2024-11-17T08:50:02.426+0000] {dag.py:3096} INFO - Sync 1 DAGs
[2024-11-17T08:50:02.450+0000] {logging_mixin.py:188} INFO - [2024-11-17T08:50:02.450+0000] {dag.py:3954} INFO - Setting next_dagrun for gcs_to_bq to 2024-11-17 00:00:00+00:00, run_after=2024-11-18 00:00:00+00:00
[2024-11-17T08:50:02.477+0000] {processor.py:183} INFO - Processing /home/ghifariyadi_muhammad/airflow/dags/first.py took 0.109 seconds
[2024-11-17T08:50:32.629+0000] {processor.py:161} INFO - Started process (PID=2485) to work on /home/ghifariyadi_muhammad/airflow/dags/first.py
[2024-11-17T08:50:32.630+0000] {processor.py:830} INFO - Processing file /home/ghifariyadi_muhammad/airflow/dags/first.py for tasks to queue
[2024-11-17T08:50:32.633+0000] {logging_mixin.py:188} INFO - [2024-11-17T08:50:32.632+0000] {dagbag.py:545} INFO - Filling up the DagBag from /home/ghifariyadi_muhammad/airflow/dags/first.py
[2024-11-17T08:50:32.653+0000] {processor.py:840} INFO - DAG(s) 'gcs_to_bq' retrieved from /home/ghifariyadi_muhammad/airflow/dags/first.py
[2024-11-17T08:50:32.678+0000] {logging_mixin.py:188} INFO - [2024-11-17T08:50:32.678+0000] {dag.py:3096} INFO - Sync 1 DAGs
[2024-11-17T08:50:32.705+0000] {logging_mixin.py:188} INFO - [2024-11-17T08:50:32.704+0000] {dag.py:3954} INFO - Setting next_dagrun for gcs_to_bq to 2024-11-17 00:00:00+00:00, run_after=2024-11-18 00:00:00+00:00
[2024-11-17T08:50:32.730+0000] {processor.py:183} INFO - Processing /home/ghifariyadi_muhammad/airflow/dags/first.py took 0.110 seconds
[2024-11-17T08:51:02.878+0000] {processor.py:161} INFO - Started process (PID=2487) to work on /home/ghifariyadi_muhammad/airflow/dags/first.py
[2024-11-17T08:51:02.882+0000] {processor.py:830} INFO - Processing file /home/ghifariyadi_muhammad/airflow/dags/first.py for tasks to queue
[2024-11-17T08:51:02.885+0000] {logging_mixin.py:188} INFO - [2024-11-17T08:51:02.884+0000] {dagbag.py:545} INFO - Filling up the DagBag from /home/ghifariyadi_muhammad/airflow/dags/first.py
[2024-11-17T08:51:02.908+0000] {processor.py:840} INFO - DAG(s) 'gcs_to_bq' retrieved from /home/ghifariyadi_muhammad/airflow/dags/first.py
[2024-11-17T08:51:02.933+0000] {logging_mixin.py:188} INFO - [2024-11-17T08:51:02.933+0000] {dag.py:3096} INFO - Sync 1 DAGs
[2024-11-17T08:51:02.958+0000] {logging_mixin.py:188} INFO - [2024-11-17T08:51:02.958+0000] {dag.py:3954} INFO - Setting next_dagrun for gcs_to_bq to 2024-11-17 00:00:00+00:00, run_after=2024-11-18 00:00:00+00:00
[2024-11-17T08:51:02.983+0000] {processor.py:183} INFO - Processing /home/ghifariyadi_muhammad/airflow/dags/first.py took 0.113 seconds
[2024-11-17T08:51:33.135+0000] {processor.py:161} INFO - Started process (PID=2488) to work on /home/ghifariyadi_muhammad/airflow/dags/first.py
[2024-11-17T08:51:33.136+0000] {processor.py:830} INFO - Processing file /home/ghifariyadi_muhammad/airflow/dags/first.py for tasks to queue
[2024-11-17T08:51:33.139+0000] {logging_mixin.py:188} INFO - [2024-11-17T08:51:33.138+0000] {dagbag.py:545} INFO - Filling up the DagBag from /home/ghifariyadi_muhammad/airflow/dags/first.py
[2024-11-17T08:51:33.160+0000] {processor.py:840} INFO - DAG(s) 'gcs_to_bq' retrieved from /home/ghifariyadi_muhammad/airflow/dags/first.py
[2024-11-17T08:51:33.184+0000] {logging_mixin.py:188} INFO - [2024-11-17T08:51:33.184+0000] {dag.py:3096} INFO - Sync 1 DAGs
[2024-11-17T08:51:33.209+0000] {logging_mixin.py:188} INFO - [2024-11-17T08:51:33.209+0000] {dag.py:3954} INFO - Setting next_dagrun for gcs_to_bq to 2024-11-17 00:00:00+00:00, run_after=2024-11-18 00:00:00+00:00
[2024-11-17T08:51:33.234+0000] {processor.py:183} INFO - Processing /home/ghifariyadi_muhammad/airflow/dags/first.py took 0.107 seconds
