[2024-11-27T14:45:31.751+0000] {local_task_job_runner.py:120} INFO - ::group::Pre task execution logs
[2024-11-27T14:45:31.763+0000] {taskinstance.py:2076} INFO - Dependencies all met for dep_context=non-requeueable deps ti=<TaskInstance: gcs_to_bq.dbt_run_conversion_funnel manual__2024-11-27T14:44:56.643514+00:00 [queued]>
[2024-11-27T14:45:31.769+0000] {taskinstance.py:2076} INFO - Dependencies all met for dep_context=requeueable deps ti=<TaskInstance: gcs_to_bq.dbt_run_conversion_funnel manual__2024-11-27T14:44:56.643514+00:00 [queued]>
[2024-11-27T14:45:31.770+0000] {taskinstance.py:2306} INFO - Starting attempt 1 of 1
[2024-11-27T14:45:31.784+0000] {taskinstance.py:2330} INFO - Executing <Task(BashOperator): dbt_run_conversion_funnel> on 2024-11-27 14:44:56.643514+00:00
[2024-11-27T14:45:31.789+0000] {standard_task_runner.py:63} INFO - Started process 1112 to run task
[2024-11-27T14:45:31.795+0000] {standard_task_runner.py:90} INFO - Running: ['airflow', 'tasks', 'run', 'gcs_to_bq', 'dbt_run_conversion_funnel', 'manual__2024-11-27T14:44:56.643514+00:00', '--job-id', '52', '--raw', '--subdir', 'DAGS_FOLDER/first.py', '--cfg-path', '/tmp/tmp8y0gt9mn']
[2024-11-27T14:45:31.797+0000] {standard_task_runner.py:91} INFO - Job 52: Subtask dbt_run_conversion_funnel
[2024-11-27T14:45:31.837+0000] {task_command.py:426} INFO - Running <TaskInstance: gcs_to_bq.dbt_run_conversion_funnel manual__2024-11-27T14:44:56.643514+00:00 [running]> on host portfolio.us-central1-c.c.golden-centaur-440309-a9.internal
[2024-11-27T14:45:31.904+0000] {taskinstance.py:2648} INFO - Exporting env vars: AIRFLOW_CTX_DAG_OWNER='airflow' AIRFLOW_CTX_DAG_ID='gcs_to_bq' AIRFLOW_CTX_TASK_ID='dbt_run_conversion_funnel' AIRFLOW_CTX_EXECUTION_DATE='2024-11-27T14:44:56.643514+00:00' AIRFLOW_CTX_TRY_NUMBER='1' AIRFLOW_CTX_DAG_RUN_ID='manual__2024-11-27T14:44:56.643514+00:00'
[2024-11-27T14:45:31.905+0000] {taskinstance.py:430} INFO - ::endgroup::
[2024-11-27T14:45:31.918+0000] {subprocess.py:63} INFO - Tmp dir root location: /tmp
[2024-11-27T14:45:31.918+0000] {subprocess.py:75} INFO - Running command: ['/usr/bin/bash', '-c', 'cd /home/ghifariyadi_muhammad/my_dbt_project && dbt run --select conversion_funnel']
[2024-11-27T14:45:31.929+0000] {subprocess.py:86} INFO - Output:
[2024-11-27T14:45:34.128+0000] {subprocess.py:93} INFO - [0m14:45:34  Running with dbt=1.8.8
[2024-11-27T14:45:35.484+0000] {subprocess.py:93} INFO - [0m14:45:35  Registered adapter: bigquery=1.8.3
[2024-11-27T14:45:36.118+0000] {subprocess.py:93} INFO - [0m14:45:36  Found 3 models, 2 data tests, 479 macros
[2024-11-27T14:45:36.120+0000] {subprocess.py:93} INFO - [0m14:45:36
[2024-11-27T14:45:36.699+0000] {subprocess.py:93} INFO - [0m14:45:36  Concurrency: 1 threads (target='dev')
[2024-11-27T14:45:36.700+0000] {subprocess.py:93} INFO - [0m14:45:36
[2024-11-27T14:45:36.705+0000] {subprocess.py:93} INFO - [0m14:45:36  1 of 1 START sql table model raw.conversion_funnel ............................. [RUN]
[2024-11-27T14:45:39.328+0000] {subprocess.py:93} INFO - [0m14:45:39  1 of 1 OK created sql table model raw.conversion_funnel ........................ [[32mCREATE TABLE (1.0 rows, 41.0 Bytes processed)[0m in 2.62s]
[2024-11-27T14:45:39.331+0000] {subprocess.py:93} INFO - [0m14:45:39
[2024-11-27T14:45:39.332+0000] {subprocess.py:93} INFO - [0m14:45:39  Finished running 1 table model in 0 hours 0 minutes and 3.21 seconds (3.21s).
[2024-11-27T14:45:39.364+0000] {subprocess.py:93} INFO - [0m14:45:39
[2024-11-27T14:45:39.365+0000] {subprocess.py:93} INFO - [0m14:45:39  [32mCompleted successfully[0m
[2024-11-27T14:45:39.366+0000] {subprocess.py:93} INFO - [0m14:45:39
[2024-11-27T14:45:39.366+0000] {subprocess.py:93} INFO - [0m14:45:39  Done. PASS=1 WARN=0 ERROR=0 SKIP=0 TOTAL=1
[2024-11-27T14:45:40.101+0000] {subprocess.py:97} INFO - Command exited with return code 0
[2024-11-27T14:45:40.103+0000] {taskinstance.py:441} INFO - ::group::Post task execution logs
[2024-11-27T14:45:40.127+0000] {taskinstance.py:1206} INFO - Marking task as SUCCESS. dag_id=gcs_to_bq, task_id=dbt_run_conversion_funnel, run_id=manual__2024-11-27T14:44:56.643514+00:00, execution_date=20241127T144456, start_date=20241127T144531, end_date=20241127T144540
[2024-11-27T14:45:40.161+0000] {local_task_job_runner.py:240} INFO - Task exited with return code 0
[2024-11-27T14:45:40.174+0000] {taskinstance.py:3503} INFO - 1 downstream tasks scheduled from follow-on schedule check
[2024-11-27T14:45:40.178+0000] {local_task_job_runner.py:222} INFO - ::endgroup::
